f:\proj\face\mxnet\mxnet-face\mxnet\buildvs15cpu\mxnet.dir\release\engine.obj
f:\proj\face\mxnet\mxnet-face\mxnet\buildvs15cpu\mxnet.dir\release\threaded_engine_perdevice.obj
f:\proj\face\mxnet\mxnet-face\mxnet\buildvs15cpu\mxnet.dir\release\image_aug_default.obj
f:\proj\face\mxnet\mxnet-face\mxnet\buildvs15cpu\mxnet.dir\release\ndarray_function.obj
f:\proj\face\mxnet\mxnet-face\mxnet\buildvs15cpu\mxnet.dir\release\cast.obj
f:\proj\face\mxnet\mxnet-face\mxnet\buildvs15cpu\mxnet.dir\release\custom.obj
f:\proj\face\mxnet\mxnet-face\mxnet\buildvs15cpu\mxnet.dir\release\leaky_relu.obj
f:\proj\face\mxnet\mxnet-face\mxnet\buildvs15cpu\mxnet.dir\release\nnpack_util.obj
f:\proj\face\mxnet\mxnet-face\mxnet\buildvs15cpu\mxnet.dir\release\operator.obj
f:\proj\face\mxnet\mxnet-face\mxnet\buildvs15cpu\mxnet.dir\release\regression_output.obj
f:\proj\face\mxnet\mxnet-face\mxnet\buildvs15cpu\mxnet.dir\release\sequence_reverse.obj
f:\proj\face\mxnet\mxnet-face\mxnet\buildvs15cpu\mxnet.dir\release\broadcast_reduce_op_index.obj
f:\proj\face\mxnet\mxnet-face\mxnet\buildvs15cpu\mxnet.dir\release\elemwise_binary_scalar_op_basic.obj
f:\proj\face\mxnet\mxnet-face\mxnet\buildvs15cpu\mxnet.dir\release\indexing_op.obj
f:\proj\face\mxnet\mxnet-face\mxnet\buildvs15cpu\mxnet.dir\release\sample_op.obj
f:\proj\face\mxnet\mxnet-face\mxnet\buildvs15cpu\mxnet.dir\release\op.obj
f:\proj\face\mxnet\mxnet-face\mxnet\buildvs15cpu\mxnet.dir\release\place_device.obj
f:\proj\face\mxnet\mxnet-face\mxnet\buildvs15cpu\mxnet.dir\release\c_predict_api.obj
f:\proj\face\mxnet\mxnet-face\mxnet\buildvs15cpu\mxnet.dir\release\inplace_addto_detect_pass.obj
f:\proj\face\mxnet\mxnet-face\mxnet\buildvs15cpu\mxnet.dir\release\kvstore.obj
f:\proj\face\mxnet\mxnet-face\mxnet\buildvs15cpu\mxnet.dir\release\batch_norm.obj
f:\proj\face\mxnet\mxnet-face\mxnet\buildvs15cpu\mxnet.dir\release\deconvolution.obj
f:\proj\face\mxnet\mxnet-face\mxnet\buildvs15cpu\mxnet.dir\release\mkl_cppwrapper.obj
f:\proj\face\mxnet\mxnet-face\mxnet\buildvs15cpu\mxnet.dir\release\native_op.obj
f:\proj\face\mxnet\mxnet-face\mxnet\buildvs15cpu\mxnet.dir\release\rnn.obj
f:\proj\face\mxnet\mxnet-face\mxnet\buildvs15cpu\mxnet.dir\release\spatial_transformer.obj
f:\proj\face\mxnet\mxnet-face\mxnet\buildvs15cpu\mxnet.dir\release\elemwise_binary_op_basic.obj
f:\proj\face\mxnet\mxnet-face\mxnet\buildvs15cpu\mxnet.dir\release\elemwise_binary_scalar_op_extended.obj
f:\proj\face\mxnet\mxnet-face\mxnet\buildvs15cpu\mxnet.dir\release\upsampling.obj
f:\proj\face\mxnet\mxnet-face\mxnet\buildvs15cpu\mxnet.dir\release\order_mutation.obj
f:\proj\face\mxnet\mxnet-face\mxnet\buildvs15cpu\mxnet.dir\release\c_api_executor.obj
f:\proj\face\mxnet\mxnet-face\mxnet\buildvs15cpu\mxnet.dir\release\attach_op_resource_pass.obj
f:\proj\face\mxnet\mxnet-face\mxnet\buildvs15cpu\mxnet.dir\release\iter_image_recordio.obj
f:\proj\face\mxnet\mxnet-face\mxnet\buildvs15cpu\mxnet.dir\release\cross_device_copy.obj
f:\proj\face\mxnet\mxnet-face\mxnet\buildvs15cpu\mxnet.dir\release\cudnn_convolution.obj
f:\proj\face\mxnet\mxnet-face\mxnet\buildvs15cpu\mxnet.dir\release\lrn.obj
f:\proj\face\mxnet\mxnet-face\mxnet\buildvs15cpu\mxnet.dir\release\optimizer_op.obj
f:\proj\face\mxnet\mxnet-face\mxnet\buildvs15cpu\mxnet.dir\release\softmax_activation.obj
f:\proj\face\mxnet\mxnet-face\mxnet\buildvs15cpu\mxnet.dir\release\elemwise_binary_broadcast_op_extended.obj
f:\proj\face\mxnet\mxnet-face\mxnet\buildvs15cpu\mxnet.dir\release\c_api_graph.obj
f:\proj\face\mxnet\mxnet-face\mxnet\buildvs15cpu\mxnet.dir\release\saveload_json.obj
f:\proj\face\mxnet\mxnet-face\mxnet\buildvs15cpu\mxnet.dir\release\c_api.obj
f:\proj\face\mxnet\mxnet-face\mxnet\buildvs15cpu\mxnet.dir\release\graph_executor.obj
f:\proj\face\mxnet\mxnet-face\mxnet\buildvs15cpu\mxnet.dir\release\ndarray.obj
f:\proj\face\mxnet\mxnet-face\mxnet\buildvs15cpu\mxnet.dir\release\concat.obj
f:\proj\face\mxnet\mxnet-face\mxnet\buildvs15cpu\mxnet.dir\release\fully_connected.obj
f:\proj\face\mxnet\mxnet-face\mxnet\buildvs15cpu\mxnet.dir\release\loss_binary_op.obj
f:\proj\face\mxnet\mxnet-face\mxnet\buildvs15cpu\mxnet.dir\release\pooling.obj
f:\proj\face\mxnet\mxnet-face\mxnet\buildvs15cpu\mxnet.dir\release\softmax_output.obj
f:\proj\face\mxnet\mxnet-face\mxnet\buildvs15cpu\mxnet.dir\release\elemwise_binary_broadcast_op_logic.obj
f:\proj\face\mxnet\mxnet-face\mxnet\buildvs15cpu\mxnet.dir\release\elemwise_binary_scalar_op_logic.obj
f:\proj\face\mxnet\mxnet-face\mxnet\buildvs15cpu\mxnet.dir\release\matrix_op.obj
f:\proj\face\mxnet\mxnet-face\mxnet\buildvs15cpu\mxnet.dir\release\gradient.obj
f:\proj\face\mxnet\mxnet-face\mxnet\buildvs15cpu\mxnet.dir\release\mxrtc.obj
f:\proj\face\mxnet\mxnet-face\mxnet\buildvs15cpu\mxnet.dir\release\threaded_engine_pooled.obj
f:\proj\face\mxnet\mxnet-face\mxnet\buildvs15cpu\mxnet.dir\release\image_io.obj
f:\proj\face\mxnet\mxnet-face\mxnet\buildvs15cpu\mxnet.dir\release\correlation.obj
f:\proj\face\mxnet\mxnet-face\mxnet\buildvs15cpu\mxnet.dir\release\dropout.obj
f:\proj\face\mxnet\mxnet-face\mxnet\buildvs15cpu\mxnet.dir\release\make_loss.obj
f:\proj\face\mxnet\mxnet-face\mxnet\buildvs15cpu\mxnet.dir\release\roi_pooling.obj
f:\proj\face\mxnet\mxnet-face\mxnet\buildvs15cpu\mxnet.dir\release\svm_output.obj
f:\proj\face\mxnet\mxnet-face\mxnet\buildvs15cpu\mxnet.dir\release\elemwise_binary_op_extended.obj
f:\proj\face\mxnet\mxnet-face\mxnet\buildvs15cpu\mxnet.dir\release\elemwise_unary_op.obj
f:\proj\face\mxnet\mxnet-face\mxnet\buildvs15cpu\mxnet.dir\release\profiler.obj
f:\proj\face\mxnet\mxnet-face\mxnet\buildvs15cpu\mxnet.dir\release\attach_op_execs_pass.obj
f:\proj\face\mxnet\mxnet-face\mxnet\buildvs15cpu\mxnet.dir\release\iter_mnist.obj
f:\proj\face\mxnet\mxnet-face\mxnet\buildvs15cpu\mxnet.dir\release\legacy_json_util.obj
f:\proj\face\mxnet\mxnet-face\mxnet\buildvs15cpu\mxnet.dir\release\convolution.obj
f:\proj\face\mxnet\mxnet-face\mxnet\buildvs15cpu\mxnet.dir\release\l2_normalization.obj
f:\proj\face\mxnet\mxnet-face\mxnet\buildvs15cpu\mxnet.dir\release\pad.obj
f:\proj\face\mxnet\mxnet-face\mxnet\buildvs15cpu\mxnet.dir\release\sequence_mask.obj
f:\proj\face\mxnet\mxnet-face\mxnet\buildvs15cpu\mxnet.dir\release\elemwise_binary_broadcast_op_basic.obj
f:\proj\face\mxnet\mxnet-face\mxnet\buildvs15cpu\mxnet.dir\release\storage.obj
f:\proj\face\mxnet\mxnet-face\mxnet\buildvs15cpu\mxnet.dir\release\graph.obj
f:\proj\face\mxnet\mxnet-face\mxnet\buildvs15cpu\mxnet.dir\release\infer_shape_type.obj
f:\proj\face\mxnet\mxnet-face\mxnet\buildvs15cpu\mxnet.dir\release\c_api_ndarray.obj
f:\proj\face\mxnet\mxnet-face\mxnet\buildvs15cpu\mxnet.dir\release\iter_csv.obj
f:\proj\face\mxnet\mxnet-face\mxnet\buildvs15cpu\mxnet.dir\release\legacy_op_util.obj
f:\proj\face\mxnet\mxnet-face\mxnet\buildvs15cpu\mxnet.dir\release\cudnn_batch_norm.obj
f:\proj\face\mxnet\mxnet-face\mxnet\buildvs15cpu\mxnet.dir\release\identity_attach_kl_sparse_reg.obj
f:\proj\face\mxnet\mxnet-face\mxnet\buildvs15cpu\mxnet.dir\release\mkl_memory.obj
f:\proj\face\mxnet\mxnet-face\mxnet\buildvs15cpu\mxnet.dir\release\operator_util.obj
f:\proj\face\mxnet\mxnet-face\mxnet\buildvs15cpu\mxnet.dir\release\slice_channel.obj
f:\proj\face\mxnet\mxnet-face\mxnet\buildvs15cpu\mxnet.dir\release\broadcast_reduce_op_value.obj
f:\proj\face\mxnet\mxnet-face\mxnet\buildvs15cpu\mxnet.dir\release\init_op.obj
f:\proj\face\mxnet\mxnet-face\mxnet\buildvs15cpu\mxnet.dir\release\resource.obj
f:\proj\face\mxnet\mxnet-face\mxnet\buildvs15cpu\mxnet.dir\release\node.obj
f:\proj\face\mxnet\mxnet-face\mxnet\buildvs15cpu\mxnet.dir\release\symbolic.obj
f:\proj\face\mxnet\mxnet-face\mxnet\buildvs15cpu\mxnet.dir\release\naive_engine.obj
f:\proj\face\mxnet\mxnet-face\mxnet\buildvs15cpu\mxnet.dir\release\threaded_engine.obj
f:\proj\face\mxnet\mxnet-face\mxnet\buildvs15cpu\mxnet.dir\release\initialize.obj
f:\proj\face\mxnet\mxnet-face\mxnet\buildvs15cpu\mxnet.dir\release\io.obj
f:\proj\face\mxnet\mxnet-face\mxnet\buildvs15cpu\mxnet.dir\release\activation.obj
f:\proj\face\mxnet\mxnet-face\mxnet\buildvs15cpu\mxnet.dir\release\crop.obj
f:\proj\face\mxnet\mxnet-face\mxnet\buildvs15cpu\mxnet.dir\release\instance_norm.obj
f:\proj\face\mxnet\mxnet-face\mxnet\buildvs15cpu\mxnet.dir\release\ndarray_op.obj
f:\proj\face\mxnet\mxnet-face\mxnet\buildvs15cpu\mxnet.dir\release\sequence_last.obj
f:\proj\face\mxnet\mxnet-face\mxnet\buildvs15cpu\mxnet.dir\release\swapaxis.obj
f:\proj\face\mxnet\mxnet-face\mxnet\buildvs15cpu\mxnet.dir\release\elemwise_binary_op_logic.obj
f:\proj\face\mxnet\mxnet-face\mxnet\buildvs15cpu\mxnet.dir\release\elemwise_sum.obj
f:\proj\face\mxnet\mxnet-face\mxnet\buildvs15cpu\mxnet.dir\release\ordering_op.obj
f:\proj\face\mxnet\mxnet-face\mxnet\buildvs15cpu\mxnet.dir\release\pass.obj
f:\proj\face\mxnet\mxnet-face\mxnet\buildvs15cpu\mxnet.dir\release\plan_memory.obj
f:\proj\face\mxnet\mxnet-face\mxnet\buildvs15cpu\mxnet.dir\release\src\c_api\c_api_error.cc.obj
f:\proj\face\mxnet\mxnet-face\mxnet\buildvs15cpu\mxnet.dir\release\src\c_api\c_api_symbolic.cc.obj
f:\proj\face\mxnet\mxnet-face\mxnet\buildvs15cpu\mxnet.dir\release\nnvm\src\c_api\c_api_error.cc.obj
f:\proj\face\mxnet\mxnet-face\mxnet\buildvs15cpu\mxnet.dir\release\nnvm\src\c_api\c_api_symbolic.cc.obj
f:\proj\face\mxnet\mxnet-face\mxnet\buildvs15cpu\x64\release\libmxnet.dll
f:\proj\face\mxnet\mxnet-face\mxnet\buildvs15cpu\release\libmxnet.pdb
f:\proj\face\mxnet\mxnet-face\mxnet\buildvs15cpu\release\libmxnet.lib
f:\proj\face\mxnet\mxnet-face\mxnet\buildvs15cpu\release\libmxnet.exp
f:\proj\face\mxnet\mxnet-face\mxnet\buildvs15cpu\x64\release\libmxnet.lib
f:\proj\face\mxnet\mxnet-face\mxnet\buildvs15cpu\x64\release\libmxnet.exp
f:\proj\face\mxnet\mxnet-face\mxnet\buildvs15cpu\mxnet.dir\release\mxnet.vcxprojresolveassemblyreference.cache
f:\proj\face\mxnet\mxnet-face\mxnet\buildvs15cpu\mxnet.dir\release\mxnet.tlog\cl.command.1.tlog
f:\proj\face\mxnet\mxnet-face\mxnet\buildvs15cpu\mxnet.dir\release\mxnet.tlog\cl.read.1.tlog
f:\proj\face\mxnet\mxnet-face\mxnet\buildvs15cpu\mxnet.dir\release\mxnet.tlog\cl.write.1.tlog
f:\proj\face\mxnet\mxnet-face\mxnet\buildvs15cpu\mxnet.dir\release\mxnet.tlog\custombuild.command.1.tlog
f:\proj\face\mxnet\mxnet-face\mxnet\buildvs15cpu\mxnet.dir\release\mxnet.tlog\custombuild.read.1.tlog
f:\proj\face\mxnet\mxnet-face\mxnet\buildvs15cpu\mxnet.dir\release\mxnet.tlog\custombuild.write.1.tlog
f:\proj\face\mxnet\mxnet-face\mxnet\buildvs15cpu\mxnet.dir\release\mxnet.tlog\link.command.1.tlog
f:\proj\face\mxnet\mxnet-face\mxnet\buildvs15cpu\mxnet.dir\release\mxnet.tlog\link.read.1.tlog
f:\proj\face\mxnet\mxnet-face\mxnet\buildvs15cpu\mxnet.dir\release\mxnet.tlog\link.write.1.tlog
f:\proj\face\mxnet\mxnet-face\mxnet\buildvs15cpu\mxnet.dir\release\mxnet.tlog\mxnet.write.1u.tlog
