C:\Program Files (x86)\MSBuild\14.0\bin\Microsoft.Common.CurrentVersion.targets(1611,5): warning : The referenced project 'F:/proj/face/mxnet/mxnet-face/mxnet/buildvs15cpu/dmlc-core/dmlccore.vcxproj' does not exist.
  mxrtc.cc
  c_api.cc
  c_api_executor.cc
  c_api_ndarray.cc
  c_predict_api.cc
  engine.cc
  naive_engine.cc
  profiler.cc
  threaded_engine.cc
  threaded_engine_perdevice.cc
  threaded_engine_pooled.cc
  attach_op_execs_pass.cc
  attach_op_resource_pass.cc
  graph_executor.cc
  inplace_addto_detect_pass.cc
  initialize.cc
  image_aug_default.cc
  image_io.cc
..\3rdparty\include\opencv320\opencv2/core/mat.hpp(2586): warning C4819: 该文件包含不能在当前代码页(936)中表示的字符。请将该文件保存为 Unicode 格式以防止数据丢失 (编译源文件 ..\src\io\image_aug_default.cc)
..\3rdparty\include\opencv320\opencv2/core/persistence.hpp : warning C4819: 该文件包含不能在当前代码页(936)中表示的字符。请将该文件保存为 Unicode 格式以防止数据丢失 (编译源文件 ..\src\io\image_aug_default.cc)
  io.cc
..\3rdparty\include\opencv320\opencv2/core/utility.hpp : warning C4819: 该文件包含不能在当前代码页(936)中表示的字符。请将该文件保存为 Unicode 格式以防止数据丢失 (编译源文件 ..\src\io\image_aug_default.cc)
..\3rdparty\include\opencv320\opencv2/core/utility.hpp : warning C4819: 该文件包含不能在当前代码页(936)中表示的字符。请将该文件保存为 Unicode 格式以防止数据丢失 (编译源文件 ..\src\io\image_aug_default.cc)
..\3rdparty\include\opencv320\opencv2/imgproc.hpp(592): warning C4819: 该文件包含不能在当前代码页(936)中表示的字符。请将该文件保存为 Unicode 格式以防止数据丢失 (编译源文件 ..\src\io\image_aug_default.cc)
..\3rdparty\include\opencv320\opencv2/core/mat.hpp(2586): warning C4819: 该文件包含不能在当前代码页(936)中表示的字符。请将该文件保存为 Unicode 格式以防止数据丢失 (编译源文件 ..\src\io\image_io.cc)
..\3rdparty\include\opencv320\opencv2/core/persistence.hpp : warning C4819: 该文件包含不能在当前代码页(936)中表示的字符。请将该文件保存为 Unicode 格式以防止数据丢失 (编译源文件 ..\src\io\image_io.cc)
..\3rdparty\include\opencv320\opencv2/core/utility.hpp : warning C4819: 该文件包含不能在当前代码页(936)中表示的字符。请将该文件保存为 Unicode 格式以防止数据丢失 (编译源文件 ..\src\io\image_io.cc)
..\3rdparty\include\opencv320\opencv2/core/utility.hpp : warning C4819: 该文件包含不能在当前代码页(936)中表示的字符。请将该文件保存为 Unicode 格式以防止数据丢失 (编译源文件 ..\src\io\image_io.cc)
..\3rdparty\include\opencv320\opencv2/imgproc.hpp(592): warning C4819: 该文件包含不能在当前代码页(936)中表示的字符。请将该文件保存为 Unicode 格式以防止数据丢失 (编译源文件 ..\src\io\image_io.cc)
..\3rdparty\include\opencv320\opencv2/core/mat.hpp(2586): warning C4819: 该文件包含不能在当前代码页(936)中表示的字符。请将该文件保存为 Unicode 格式以防止数据丢失 (编译源文件 ..\src\io\io.cc)
..\3rdparty\include\opencv320\opencv2/core/persistence.hpp : warning C4819: 该文件包含不能在当前代码页(936)中表示的字符。请将该文件保存为 Unicode 格式以防止数据丢失 (编译源文件 ..\src\io\io.cc)
..\3rdparty\include\opencv320\opencv2/core/utility.hpp : warning C4819: 该文件包含不能在当前代码页(936)中表示的字符。请将该文件保存为 Unicode 格式以防止数据丢失 (编译源文件 ..\src\io\io.cc)
..\3rdparty\include\opencv320\opencv2/core/utility.hpp : warning C4819: 该文件包含不能在当前代码页(936)中表示的字符。请将该文件保存为 Unicode 格式以防止数据丢失 (编译源文件 ..\src\io\io.cc)
..\3rdparty\include\opencv320\opencv2/imgproc.hpp(592): warning C4819: 该文件包含不能在当前代码页(936)中表示的字符。请将该文件保存为 Unicode 格式以防止数据丢失 (编译源文件 ..\src\io\io.cc)
  iter_csv.cc
  iter_image_recordio.cc
..\3rdparty\include\opencv320\opencv2/core/mat.hpp(2586): warning C4819: 该文件包含不能在当前代码页(936)中表示的字符。请将该文件保存为 Unicode 格式以防止数据丢失 (编译源文件 ..\src\io\iter_image_recordio.cc)
..\3rdparty\include\opencv320\opencv2/core/persistence.hpp : warning C4819: 该文件包含不能在当前代码页(936)中表示的字符。请将该文件保存为 Unicode 格式以防止数据丢失 (编译源文件 ..\src\io\iter_image_recordio.cc)
..\3rdparty\include\opencv320\opencv2/core/utility.hpp : warning C4819: 该文件包含不能在当前代码页(936)中表示的字符。请将该文件保存为 Unicode 格式以防止数据丢失 (编译源文件 ..\src\io\iter_image_recordio.cc)
..\3rdparty\include\opencv320\opencv2/core/utility.hpp : warning C4819: 该文件包含不能在当前代码页(936)中表示的字符。请将该文件保存为 Unicode 格式以防止数据丢失 (编译源文件 ..\src\io\iter_image_recordio.cc)
..\3rdparty\include\opencv320\opencv2/imgproc.hpp(592): warning C4819: 该文件包含不能在当前代码页(936)中表示的字符。请将该文件保存为 Unicode 格式以防止数据丢失 (编译源文件 ..\src\io\iter_image_recordio.cc)
  iter_mnist.cc
  kvstore.cc
  ndarray.cc
c:\users\feifei\desktop\mxnet\src\operator\special_functions-inl.h(235): warning C4838: 从“double”转换到“const float”需要收缩转换 (编译源文件 ..\src\ndarray\ndarray.cc)
..\3rdparty\include\opencv320\opencv2/core/mat.hpp(2586): warning C4819: 该文件包含不能在当前代码页(936)中表示的字符。请将该文件保存为 Unicode 格式以防止数据丢失 (编译源文件 ..\src\ndarray\ndarray.cc)
..\3rdparty\include\opencv320\opencv2/core/persistence.hpp : warning C4819: 该文件包含不能在当前代码页(936)中表示的字符。请将该文件保存为 Unicode 格式以防止数据丢失 (编译源文件 ..\src\ndarray\ndarray.cc)
..\3rdparty\include\opencv320\opencv2/core/utility.hpp : warning C4819: 该文件包含不能在当前代码页(936)中表示的字符。请将该文件保存为 Unicode 格式以防止数据丢失 (编译源文件 ..\src\ndarray\ndarray.cc)
..\3rdparty\include\opencv320\opencv2/core/utility.hpp : warning C4819: 该文件包含不能在当前代码页(936)中表示的字符。请将该文件保存为 Unicode 格式以防止数据丢失 (编译源文件 ..\src\ndarray\ndarray.cc)
..\3rdparty\include\opencv320\opencv2/imgproc.hpp(592): warning C4819: 该文件包含不能在当前代码页(936)中表示的字符。请将该文件保存为 Unicode 格式以防止数据丢失 (编译源文件 ..\src\ndarray\ndarray.cc)
  ndarray_function.cc
  legacy_json_util.cc
c:\users\feifei\desktop\mxnet\src\operator\special_functions-inl.h(235): warning C4838: 从“double”转换到“const float”需要收缩转换 (编译源文件 ..\src\ndarray\ndarray_function.cc)
  legacy_op_util.cc
  activation.cc
c:\users\feifei\desktop\mxnet\src\operator\special_functions-inl.h(235): warning C4838: 从“double”转换到“const float”需要收缩转换 (编译源文件 ..\src\operator\activation.cc)
  batch_norm.cc
  cast.cc
c:\users\feifei\desktop\mxnet\src\operator\special_functions-inl.h(235): warning C4838: 从“double”转换到“const float”需要收缩转换 (编译源文件 ..\src\operator\batch_norm.cc)
c:\users\feifei\desktop\mxnet\src\operator\special_functions-inl.h(235): warning C4838: 从“double”转换到“const float”需要收缩转换 (编译源文件 ..\src\operator\cast.cc)
  concat.cc
  convolution.cc
..\src\operator\batch_norm.cc(50): warning C4503: “mshadow::expr::operator +”: 超出修饰名的长度，名称被截断
..\src\operator\batch_norm.cc(50): warning C4503: “mshadow::expr::MakeExp”: 超出修饰名的长度，名称被截断
..\src\operator\batch_norm.cc(50): warning C4503: “mshadow::expr::MakePlan”: 超出修饰名的长度，名称被截断
  correlation.cc
  crop.cc
c:\users\feifei\desktop\mxnet\src\operator\special_functions-inl.h(235): warning C4838: 从“double”转换到“const float”需要收缩转换 (编译源文件 ..\src\operator\correlation.cc)
  cross_device_copy.cc
  cudnn_batch_norm.cc
  cudnn_convolution.cc
  custom.cc
  deconvolution.cc
c:\users\feifei\desktop\mxnet\src\operator\special_functions-inl.h(235): warning C4838: 从“double”转换到“const float”需要收缩转换 (编译源文件 ..\src\operator\cudnn_batch_norm.cc)
  dropout.cc
  fully_connected.cc
c:\users\feifei\desktop\mxnet\src\operator\special_functions-inl.h(235): warning C4838: 从“double”转换到“const float”需要收缩转换 (编译源文件 ..\src\operator\dropout.cc)
  identity_attach_KL_sparse_reg.cc
  instance_norm.cc
c:\users\feifei\desktop\mxnet\src\operator\special_functions-inl.h(235): warning C4838: 从“double”转换到“const float”需要收缩转换 (编译源文件 ..\src\operator\identity_attach_KL_sparse_reg.cc)
c:\users\feifei\desktop\mxnet\src\operator\special_functions-inl.h(235): warning C4838: 从“double”转换到“const float”需要收缩转换 (编译源文件 ..\src\operator\instance_norm.cc)
  l2_normalization.cc
  leaky_relu.cc
c:\users\feifei\desktop\mxnet\src\operator\special_functions-inl.h(235): warning C4838: 从“double”转换到“const float”需要收缩转换 (编译源文件 ..\src\operator\l2_normalization.cc)
  loss_binary_op.cc
..\src\operator\instance_norm.cc(55): warning C4503: “mshadow::expr::operator *”: 超出修饰名的长度，名称被截断
..\src\operator\instance_norm.cc(55): warning C4503: “mshadow::expr::sumall_except_dim”: 超出修饰名的长度，名称被截断
..\src\operator\instance_norm.cc(55): warning C4503: “mshadow::expr::swapaxis”: 超出修饰名的长度，名称被截断
..\src\operator\instance_norm.cc(55): warning C4503: “mshadow::Tensor<Device,1,DType>::operator =”: 超出修饰名的长度，名称被截断
          with
          [
              Device=mxnet::cpu,
              DType=mshadow::default_real_t
          ]
..\src\operator\instance_norm.cc(55): warning C4503: “mshadow::expr::RValueExp<Container,DType>::operator +=”: 超出修饰名的长度，名称被截断
          with
          [
              Container=mshadow::Tensor<mxnet::cpu,1,mshadow::default_real_t>,
              DType=mshadow::default_real_t
          ]
..\src\operator\instance_norm.cc(55): warning C4503: “mshadow::expr::operator +”: 超出修饰名的长度，名称被截断
..\src\operator\instance_norm.cc(55): warning C4503: “mshadow::Tensor<xpu,2,mshadow::default_real_t>::operator =”: 超出修饰名的长度，名称被截断
          with
          [
              xpu=mxnet::cpu
          ]
..\src\operator\instance_norm.cc(55): warning C4503: “mshadow::expr::RValueExp<Container,DType>::operator +=”: 超出修饰名的长度，名称被截断
          with
          [
              Container=mshadow::Tensor<mxnet::cpu,2,mshadow::default_real_t>,
              DType=mshadow::default_real_t
          ]
..\src\operator\instance_norm.cc(55): warning C4503: “mshadow::expr::operator /”: 超出修饰名的长度，名称被截断
..\src\operator\instance_norm.cc(55): warning C4503: “mshadow::expr::Exp<mshadow::expr::BinaryMapExp<mshadow::op::plus,mshadow::expr::BinaryMapExp<mshadow::op::div,mshadow::expr::BinaryMapExp<mshadow::op::mul,mshadow::expr::MakeTensorExp<mshadow::expr::Broadcast1DExp<mshadow::expr::MakeTensorExp<mshadow::expr::ReshapeExp<mshadow::expr::MakeTensorExp<mshadow::expr::Broadcast1DExp<Container,DType,2,1>,SrcExp,2,DType>,DType,1,2>,mshadow::expr::MakeTensorExp<mshadow::expr::Broadcast1DExp<SrcExp,DType,2,1>,SrcExp,2,DType>,1,DType>,DType,2,2>,mshadow::expr::MakeTensorExp<mshadow::expr::ReshapeExp<mshadow::expr::MakeTensorExp<mshadow::expr::Broadcast1DExp<SrcExp,DType,2,1>,SrcExp,2,DType>,DType,1,2>,mshadow::expr::MakeTensorExp<mshadow::expr::Broadcast1DExp<SrcExp,DType,2,1>,SrcExp,2,DType>,1,DType>,2,DType>,mshadow::expr::BinaryMapExp<mshadow::op::minus,mshadow::Tensor<xpu,2,DType>,mshadow::expr::MakeTensorExp<mshadow::expr::Broadcast1DExp<SrcExp,DType,2,2>,SrcExp,2,DType>,DType,3>,DType,3>,mshadow::expr::UnaryMapExp<mxnet::op::mshadow_op::square_root,mshadow::expr::MakeTensorExp<mshadow::expr::Broadcast1DExp<mshadow::expr::BinaryMapExp<mshadow::op::plus,Container,mshadow::expr::ScalarExp<DType>,DType,1>,DType,2,2>,mshadow::expr::BinaryMapExp<mshadow::op::plus,Container,mshadow::expr::ScalarExp<DType>,DType,1>,2,DType>,DType,3>,DType,3>,mshadow::expr::MakeTensorExp<mshadow::expr::Broadcast1DExp<mshadow::expr::MakeTensorExp<mshadow::expr::ReshapeExp<mshadow::expr::MakeTensorExp<mshadow::expr::Broadcast1DExp<SrcExp,DType,2,1>,SrcExp,2,DType>,DType,1,2>,mshadow::expr::MakeTensorExp<mshadow::expr::Broadcast1DExp<SrcExp,DType,2,1>,SrcExp,2,DType>,1,DType>,DType,2,2>,mshadow::expr::MakeTensorExp<mshadow::expr::ReshapeExp<mshadow::expr::MakeTensorExp<mshadow::expr::Broadcast1DExp<SrcExp,DType,2,1>,SrcExp,2,DType>,DType,1,2>,mshadow::expr::MakeTensorExp<mshadow::expr::Broadcast1DExp<SrcExp,DType,2,1>,SrcExp,2,DType>,1,DType>,2,DType>,DType,3>,DType,3>::self”: 超出修饰名的长度，名称被截断
          with
          [
              Container=mshadow::Tensor<mxnet::cpu,1,mshadow::default_real_t>,
              DType=mshadow::default_real_t,
              SrcExp=mshadow::Tensor<mxnet::cpu,1,mshadow::default_real_t>,
              xpu=mxnet::cpu
          ]
..\src\operator\instance_norm.cc(55): warning C4503: “mshadow::expr::Exp<mshadow::expr::BinaryMapExp<mshadow::op::plus,mshadow::expr::BinaryMapExp<mshadow::op::plus,mshadow::expr::BinaryMapExp<mshadow::op::mul,mshadow::expr::BinaryMapExp<mshadow::op::mul,Container,mshadow::expr::MakeTensorExp<mshadow::expr::Broadcast1DExp<mshadow::expr::MakeTensorExp<mshadow::expr::ReshapeExp<mshadow::expr::MakeTensorExp<mshadow::expr::Broadcast1DExp<mshadow::Tensor<Device,1,DType>,DType,2,1>,SrcExp,2,DType>,DType,1,2>,mshadow::expr::MakeTensorExp<mshadow::expr::Broadcast1DExp<SrcExp,DType,2,1>,SrcExp,2,DType>,1,DType>,DType,2,2>,mshadow::expr::MakeTensorExp<mshadow::expr::ReshapeExp<mshadow::expr::MakeTensorExp<mshadow::expr::Broadcast1DExp<SrcExp,DType,2,1>,SrcExp,2,DType>,DType,1,2>,mshadow::expr::MakeTensorExp<mshadow::expr::Broadcast1DExp<SrcExp,DType,2,1>,SrcExp,2,DType>,1,DType>,2,DType>,DType,3>,mshadow::expr::MakeTensorExp<mshadow::expr::Broadcast1DExp<mshadow::expr::BinaryMapExp<mshadow::op::div,mshadow::expr::ScalarExp<DType>,mshadow::expr::UnaryMapExp<mxnet::op::mshadow_op::square_root,mshadow::expr::BinaryMapExp<mshadow::op::plus,mshadow::Tensor<Device,1,DType>,mshadow::expr::ScalarExp<DType>,DType,1>,DType,1>,DType,1>,DType,2,2>,mshadow::expr::BinaryMapExp<mshadow::op::div,mshadow::expr::ScalarExp<DType>,mshadow::expr::UnaryMapExp<mxnet::op::mshadow_op::square_root,mshadow::expr::BinaryMapExp<mshadow::op::plus,mshadow::Tensor<Device,1,DType>,mshadow::expr::ScalarExp<DType>,DType,1>,DType,1>,DType,1>,2,DType>,DType,3>,mshadow::expr::BinaryMapExp<mshadow::op::mul,mshadow::expr::BinaryMapExp<mshadow::op::mul,mshadow::expr::BinaryMapExp<mshadow::op::mul,mshadow::expr::MakeTensorExp<mshadow::expr::Broadcast1DExp<SrcExp,DType,2,2>,SrcExp,2,DType>,mshadow::expr::ScalarExp<DType>,DType,3>,mshadow::expr::ScalarExp<DType>,DType,3>,mshadow::expr::BinaryMapExp<mshadow::op::minus,Container,mshadow::expr::MakeTensorExp<mshadow::expr::Broadcast1DExp<SrcExp,DType,2,2>,SrcExp,2,DType>,DType,3>,DType,3>,DType,3>,mshadow::expr::BinaryMapExp<mshadow::op::mul,mshadow::expr::MakeTensorExp<mshadow::expr::Broadcast1DExp<SrcExp,DType,2,2>,SrcExp,2,DType>,mshadow::expr::ScalarExp<DType>,DType,3>,DType,3>,DType,3>::self”: 超出修饰名的长度，名称被截断
          with
          [
              Container=mshadow::Tensor<mxnet::cpu,2,mshadow::default_real_t>,
              Device=mxnet::cpu,
              DType=mshadow::default_real_t,
              SrcExp=mshadow::Tensor<mxnet::cpu,1,mshadow::default_real_t>
          ]
..\src\operator\instance_norm.cc(55): warning C4503: “mshadow::expr::Exp<mshadow::expr::ReduceTo1DExp<mshadow::expr::MakeTensorExp<mshadow::expr::SwapAxisExp<mshadow::expr::MakeTensorExp<mshadow::expr::ReshapeExp<mshadow::expr::BinaryMapExp<mshadow::op::div,mshadow::expr::BinaryMapExp<mshadow::op::mul,Container,mshadow::expr::BinaryMapExp<mshadow::op::minus,Container,mshadow::expr::MakeTensorExp<mshadow::expr::Broadcast1DExp<mshadow::Tensor<Device,1,DType>,DType,2,2>,SrcExp,2,DType>,DType,3>,DType,3>,mshadow::expr::UnaryMapExp<mxnet::op::mshadow_op::square_root,mshadow::expr::MakeTensorExp<mshadow::expr::Broadcast1DExp<mshadow::expr::BinaryMapExp<mshadow::op::plus,mshadow::Tensor<Device,1,DType>,mshadow::expr::ScalarExp<DType>,DType,1>,DType,2,2>,mshadow::expr::BinaryMapExp<mshadow::op::plus,mshadow::Tensor<Device,1,DType>,mshadow::expr::ScalarExp<DType>,DType,1>,2,DType>,DType,3>,DType,3>,DType,3,2>,mshadow::expr::BinaryMapExp<mshadow::op::div,mshadow::expr::BinaryMapExp<mshadow::op::mul,Container,mshadow::expr::BinaryMapExp<mshadow::op::minus,Container,mshadow::expr::MakeTensorExp<mshadow::expr::Broadcast1DExp<SrcExp,DType,2,2>,SrcExp,2,DType>,DType,3>,DType,3>,mshadow::expr::UnaryMapExp<mxnet::op::mshadow_op::square_root,mshadow::expr::MakeTensorExp<mshadow::expr::Broadcast1DExp<mshadow::expr::BinaryMapExp<mshadow::op::plus,mshadow::Tensor<Device,1,DType>,mshadow::expr::ScalarExp<DType>,DType,1>,DType,2,2>,mshadow::expr::BinaryMapExp<mshadow::op::plus,mshadow::Tensor<Device,1,DType>,mshadow::expr::ScalarExp<DType>,DType,1>,2,DType>,DType,3>,DType,3>,3,DType>,DType,3,2,0>,mshadow::expr::MakeTensorExp<mshadow::expr::ReshapeExp<mshadow::expr::BinaryMapExp<mshadow::op::div,mshadow::expr::BinaryMapExp<mshadow::op::mul,Container,mshadow::expr::BinaryMapExp<mshadow::op::minus,Container,mshadow::expr::MakeTensorExp<mshadow::expr::Broadcast1DExp<SrcExp,DType,2,2>,SrcExp,2,DType>,DType,3>,DType,3>,mshadow::expr::UnaryMapExp<mxnet::op::mshadow_op::square_root,mshadow::expr::MakeTensorExp<mshadow::expr::Broadcast1DExp<mshadow::expr::BinaryMapExp<mshadow::op::plus,mshadow::Tensor<Device,1,DType>,mshadow::expr::ScalarExp<DType>,DType,1>,DType,2,2>,mshadow::expr::BinaryMapExp<mshadow::op::plus,mshadow::Tensor<Device,1,DType>,mshadow::expr::ScalarExp<DType>,DType,1>,2,DType>,DType,3>,DType,3>,DType,3,2>,mshadow::expr::BinaryMapExp<mshadow::op::div,mshadow::expr::BinaryMapExp<mshadow::op::mul,Container,mshadow::expr::BinaryMapExp<mshadow::op::minus,Container,mshadow::expr::MakeTensorExp<mshadow::expr::Broadcast1DExp<SrcExp,DType,2,2>,SrcExp,2,DType>,DType,3>,DType,3>,mshadow::expr::UnaryMapExp<mxnet::op::mshadow_op::square_root,mshadow::expr::MakeTensorExp<mshadow::expr::Broadcast1DExp<mshadow::expr::BinaryMapExp<mshadow::op::plus,mshadow::Tensor<Device,1,DType>,mshadow::expr::ScalarExp<DType>,DType,1>,DType,2,2>,mshadow::expr::BinaryMapExp<mshadow::op::plus,mshadow::Tensor<Device,1,DType>,mshadow::expr::ScalarExp<DType>,DType,1>,2,DType>,DType,3>,DType,3>,3,DType>,3,DType>,DType,mshadow::red::sum,3>,DType,7>::self”: 超出修饰名的长度，名称被截断
          with
          [
              Container=mshadow::Tensor<mxnet::cpu,2,mshadow::default_real_t>,
              Device=mxnet::cpu,
              DType=mshadow::default_real_t,
              SrcExp=mshadow::Tensor<mxnet::cpu,1,mshadow::default_real_t>
          ]
..\src\operator\instance_norm.cc(55): warning C4503: “mshadow::expr::ReduceTo1DExp<mshadow::expr::MakeTensorExp<mshadow::expr::SwapAxisExp<mshadow::expr::MakeTensorExp<mshadow::expr::ReshapeExp<mshadow::expr::BinaryMapExp<mshadow::op::div,mshadow::expr::BinaryMapExp<mshadow::op::mul,Container,mshadow::expr::BinaryMapExp<mshadow::op::minus,Container,mshadow::expr::MakeTensorExp<mshadow::expr::Broadcast1DExp<mshadow::Tensor<Device,1,DType>,DType,2,2>,SrcExp,2,DType>,DType,3>,DType,3>,mshadow::expr::UnaryMapExp<mxnet::op::mshadow_op::square_root,mshadow::expr::MakeTensorExp<mshadow::expr::Broadcast1DExp<mshadow::expr::BinaryMapExp<mshadow::op::plus,mshadow::Tensor<Device,1,DType>,mshadow::expr::ScalarExp<DType>,DType,1>,DType,2,2>,mshadow::expr::BinaryMapExp<mshadow::op::plus,mshadow::Tensor<Device,1,DType>,mshadow::expr::ScalarExp<DType>,DType,1>,2,DType>,DType,3>,DType,3>,DType,3,2>,mshadow::expr::BinaryMapExp<mshadow::op::div,mshadow::expr::BinaryMapExp<mshadow::op::mul,Container,mshadow::expr::BinaryMapExp<mshadow::op::minus,Container,mshadow::expr::MakeTensorExp<mshadow::expr::Broadcast1DExp<SrcExp,DType,2,2>,SrcExp,2,DType>,DType,3>,DType,3>,mshadow::expr::UnaryMapExp<mxnet::op::mshadow_op::square_root,mshadow::expr::MakeTensorExp<mshadow::expr::Broadcast1DExp<mshadow::expr::BinaryMapExp<mshadow::op::plus,mshadow::Tensor<Device,1,DType>,mshadow::expr::ScalarExp<DType>,DType,1>,DType,2,2>,mshadow::expr::BinaryMapExp<mshadow::op::plus,mshadow::Tensor<Device,1,DType>,mshadow::expr::ScalarExp<DType>,DType,1>,2,DType>,DType,3>,DType,3>,3,DType>,DType,3,2,0>,mshadow::expr::MakeTensorExp<mshadow::expr::ReshapeExp<mshadow::expr::BinaryMapExp<mshadow::op::div,mshadow::expr::BinaryMapExp<mshadow::op::mul,Container,mshadow::expr::BinaryMapExp<mshadow::op::minus,Container,mshadow::expr::MakeTensorExp<mshadow::expr::Broadcast1DExp<SrcExp,DType,2,2>,SrcExp,2,DType>,DType,3>,DType,3>,mshadow::expr::UnaryMapExp<mxnet::op::mshadow_op::square_root,mshadow::expr::MakeTensorExp<mshadow::expr::Broadcast1DExp<mshadow::expr::BinaryMapExp<mshadow::op::plus,mshadow::Tensor<Device,1,DType>,mshadow::expr::ScalarExp<DType>,DType,1>,DType,2,2>,mshadow::expr::BinaryMapExp<mshadow::op::plus,mshadow::Tensor<Device,1,DType>,mshadow::expr::ScalarExp<DType>,DType,1>,2,DType>,DType,3>,DType,3>,DType,3,2>,mshadow::expr::BinaryMapExp<mshadow::op::div,mshadow::expr::BinaryMapExp<mshadow::op::mul,Container,mshadow::expr::BinaryMapExp<mshadow::op::minus,Container,mshadow::expr::MakeTensorExp<mshadow::expr::Broadcast1DExp<SrcExp,DType,2,2>,SrcExp,2,DType>,DType,3>,DType,3>,mshadow::expr::UnaryMapExp<mxnet::op::mshadow_op::square_root,mshadow::expr::MakeTensorExp<mshadow::expr::Broadcast1DExp<mshadow::expr::BinaryMapExp<mshadow::op::plus,mshadow::Tensor<Device,1,DType>,mshadow::expr::ScalarExp<DType>,DType,1>,DType,2,2>,mshadow::expr::BinaryMapExp<mshadow::op::plus,mshadow::Tensor<Device,1,DType>,mshadow::expr::ScalarExp<DType>,DType,1>,2,DType>,DType,3>,DType,3>,3,DType>,3,DType>,DType,mshadow::red::sum,3>::ReduceTo1DExp”: 超出修饰名的长度，名称被截断
          with
          [
              Container=mshadow::Tensor<mxnet::cpu,2,mshadow::default_real_t>,
              Device=mxnet::cpu,
              DType=mshadow::default_real_t,
              SrcExp=mshadow::Tensor<mxnet::cpu,1,mshadow::default_real_t>
          ]
..\src\operator\instance_norm.cc(55): warning C4503: “mshadow::expr::Exp<mshadow::expr::MakeTensorExp<mshadow::expr::SwapAxisExp<mshadow::expr::MakeTensorExp<mshadow::expr::ReshapeExp<mshadow::expr::BinaryMapExp<mshadow::op::div,mshadow::expr::BinaryMapExp<mshadow::op::mul,Container,mshadow::expr::BinaryMapExp<mshadow::op::minus,Container,mshadow::expr::MakeTensorExp<mshadow::expr::Broadcast1DExp<mshadow::Tensor<Device,1,DType>,DType,2,2>,SrcExp,2,DType>,DType,3>,DType,3>,mshadow::expr::UnaryMapExp<mxnet::op::mshadow_op::square_root,mshadow::expr::MakeTensorExp<mshadow::expr::Broadcast1DExp<mshadow::expr::BinaryMapExp<mshadow::op::plus,mshadow::Tensor<Device,1,DType>,mshadow::expr::ScalarExp<DType>,DType,1>,DType,2,2>,mshadow::expr::BinaryMapExp<mshadow::op::plus,mshadow::Tensor<Device,1,DType>,mshadow::expr::ScalarExp<DType>,DType,1>,2,DType>,DType,3>,DType,3>,DType,3,2>,mshadow::expr::BinaryMapExp<mshadow::op::div,mshadow::expr::BinaryMapExp<mshadow::op::mul,Container,mshadow::expr::BinaryMapExp<mshadow::op::minus,Container,mshadow::expr::MakeTensorExp<mshadow::expr::Broadcast1DExp<SrcExp,DType,2,2>,SrcExp,2,DType>,DType,3>,DType,3>,mshadow::expr::UnaryMapExp<mxnet::op::mshadow_op::square_root,mshadow::expr::MakeTensorExp<mshadow::expr::Broadcast1DExp<mshadow::expr::BinaryMapExp<mshadow::op::plus,mshadow::Tensor<Device,1,DType>,mshadow::expr::ScalarExp<DType>,DType,1>,DType,2,2>,mshadow::expr::BinaryMapExp<mshadow::op::plus,mshadow::Tensor<Device,1,DType>,mshadow::expr::ScalarExp<DType>,DType,1>,2,DType>,DType,3>,DType,3>,3,DType>,DType,3,2,0>,mshadow::expr::MakeTensorExp<mshadow::expr::ReshapeExp<mshadow::expr::BinaryMapExp<mshadow::op::div,mshadow::expr::BinaryMapExp<mshadow::op::mul,Container,mshadow::expr::BinaryMapExp<mshadow::op::minus,Container,mshadow::expr::MakeTensorExp<mshadow::expr::Broadcast1DExp<SrcExp,DType,2,2>,SrcExp,2,DType>,DType,3>,DType,3>,mshadow::expr::UnaryMapExp<mxnet::op::mshadow_op::square_root,mshadow::expr::MakeTensorExp<mshadow::expr::Broadcast1DExp<mshadow::expr::BinaryMapExp<mshadow::op::plus,mshadow::Tensor<Device,1,DType>,mshadow::expr::ScalarExp<DType>,DType,1>,DType,2,2>,mshadow::expr::BinaryMapExp<mshadow::op::plus,mshadow::Tensor<Device,1,DType>,mshadow::expr::ScalarExp<DType>,DType,1>,2,DType>,DType,3>,DType,3>,DType,3,2>,mshadow::expr::BinaryMapExp<mshadow::op::div,mshadow::expr::BinaryMapExp<mshadow::op::mul,Container,mshadow::expr::BinaryMapExp<mshadow::op::minus,Container,mshadow::expr::MakeTensorExp<mshadow::expr::Broadcast1DExp<SrcExp,DType,2,2>,SrcExp,2,DType>,DType,3>,DType,3>,mshadow::expr::UnaryMapExp<mxnet::op::mshadow_op::square_root,mshadow::expr::MakeTensorExp<mshadow::expr::Broadcast1DExp<mshadow::expr::BinaryMapExp<mshadow::op::plus,mshadow::Tensor<Device,1,DType>,mshadow::expr::ScalarExp<DType>,DType,1>,DType,2,2>,mshadow::expr::BinaryMapExp<mshadow::op::plus,mshadow::Tensor<Device,1,DType>,mshadow::expr::ScalarExp<DType>,DType,1>,2,DType>,DType,3>,DType,3>,3,DType>,3,DType>,DType,3>::self”: 超出修饰名的长度，名称被截断
          with
          [
              Container=mshadow::Tensor<mxnet::cpu,2,mshadow::default_real_t>,
              Device=mxnet::cpu,
              DType=mshadow::default_real_t,
              SrcExp=mshadow::Tensor<mxnet::cpu,1,mshadow::default_real_t>
          ]
..\src\operator\instance_norm.cc(55): warning C4503: “mshadow::expr::MakeExp”: 超出修饰名的长度，名称被截断
..\src\operator\instance_norm.cc(55): warning C4503: “mshadow::expr::RValueExp<Container,DType>::__assign”: 超出修饰名的长度，名称被截断
          with
          [
              Container=mshadow::Tensor<mxnet::cpu,1,mshadow::default_real_t>,
              DType=mshadow::default_real_t
          ]
..\src\operator\instance_norm.cc(55): warning C4503: “mshadow::expr::ExpEngine<mshadow::sv::plusto,Container,DType>::Eval”: 超出修饰名的长度，名称被截断
          with
          [
              Container=mshadow::Tensor<mxnet::cpu,1,mshadow::default_real_t>,
              DType=mshadow::default_real_t
          ]
..\src\operator\instance_norm.cc(55): warning C4503: “mshadow::expr::RValueExp<Container,DType>::__assign”: 超出修饰名的长度，名称被截断
          with
          [
              Container=mshadow::Tensor<mxnet::cpu,2,mshadow::default_real_t>,
              DType=mshadow::default_real_t
          ]
..\src\operator\instance_norm.cc(55): warning C4503: “mshadow::expr::ExpEngine<mshadow::sv::plusto,Container,DType>::Eval”: 超出修饰名的长度，名称被截断
          with
          [
              Container=mshadow::Tensor<mxnet::cpu,2,mshadow::default_real_t>,
              DType=mshadow::default_real_t
          ]
..\src\operator\instance_norm.cc(55): warning C4503: “mshadow::expr::ExpComplexEngine<SV,RV,E,DType>::Eval”: 超出修饰名的长度，名称被截断
          with
          [
              SV=mshadow::sv::plusto,
              RV=mshadow::Tensor<mxnet::cpu,1,mshadow::default_real_t>,
              E=mshadow::expr::ReduceTo1DExp<mshadow::expr::MakeTensorExp<mshadow::expr::SwapAxisExp<mshadow::expr::MakeTensorExp<mshadow::expr::ReshapeExp<mshadow::expr::BinaryMapExp<mshadow::op::div,mshadow::expr::BinaryMapExp<mshadow::op::mul,mshadow::Tensor<mxnet::cpu,2,mshadow::default_real_t>,mshadow::expr::BinaryMapExp<mshadow::op::minus,mshadow::Tensor<mxnet::cpu,2,mshadow::default_real_t>,mshadow::expr::MakeTensorExp<mshadow::expr::Broadcast1DExp<mshadow::Tensor<mxnet::cpu,1,mshadow::default_real_t>,mshadow::default_real_t,2,2>,mshadow::Tensor<mxnet::cpu,1,mshadow::default_real_t>,2,mshadow::default_real_t>,mshadow::default_real_t,3>,mshadow::default_real_t,3>,mshadow::expr::UnaryMapExp<mxnet::op::mshadow_op::square_root,mshadow::expr::MakeTensorExp<mshadow::expr::Broadcast1DExp<mshadow::expr::BinaryMapExp<mshadow::op::plus,mshadow::Tensor<mxnet::cpu,1,mshadow::default_real_t>,mshadow::expr::ScalarExp<float>,float,1>,float,2,2>,mshadow::expr::BinaryMapExp<mshadow::op::plus,mshadow::Tensor<mxnet::cpu,1,mshadow::default_real_t>,mshadow::expr::ScalarExp<float>,float,1>,2,float>,float,3>,mshadow::default_real_t,3>,mshadow::default_real_t,3,2>,mshadow::expr::BinaryMapExp<mshadow::op::div,mshadow::expr::BinaryMapExp<mshadow::op::mul,mshadow::Tensor<mxnet::cpu,2,mshadow::default_real_t>,mshadow::expr::BinaryMapExp<mshadow::op::minus,mshadow::Tensor<mxnet::cpu,2,mshadow::default_real_t>,mshadow::expr::MakeTensorExp<mshadow::expr::Broadcast1DExp<mshadow::Tensor<mxnet::cpu,1,mshadow::default_real_t>,mshadow::default_real_t,2,2>,mshadow::Tensor<mxnet::cpu,1,mshadow::default_real_t>,2,mshadow::default_real_t>,mshadow::default_real_t,3>,mshadow::default_real_t,3>,mshadow::expr::UnaryMapExp<mxnet::op::mshadow_op::square_root,mshadow::expr::MakeTensorExp<mshadow::expr::Broadcast1DExp<mshadow::expr::BinaryMapExp<mshadow::op::plus,mshadow::Tensor<mxnet::cpu,1,mshadow::default_real_t>,mshadow::expr::ScalarExp<float>,float,1>,float,2,2>,mshadow::expr::BinaryMapExp<mshadow::op::plus,mshadow::Tensor<mxnet::cpu,1,mshadow::default_real_t>,mshadow::expr::ScalarExp<float>,float,1>,2,float>,float,3>,mshadow::default_real_t,3>,3,mshadow::default_real_t>,mshadow::default_real_t,3,2,0>,mshadow::expr::MakeTensorExp<mshadow::expr::ReshapeExp<mshadow::expr::BinaryMapExp<mshadow::op::div,mshadow::expr::BinaryMapExp<mshadow::op::mul,mshadow::Tensor<mxnet::cpu,2,mshadow::default_real_t>,mshadow::expr::BinaryMapExp<mshadow::op::minus,mshadow::Tensor<mxnet::cpu,2,mshadow::default_real_t>,mshadow::expr::MakeTensorExp<mshadow::expr::Broadcast1DExp<mshadow::Tensor<mxnet::cpu,1,mshadow::default_real_t>,mshadow::default_real_t,2,2>,mshadow::Tensor<mxnet::cpu,1,mshadow::default_real_t>,2,mshadow::default_real_t>,mshadow::default_real_t,3>,mshadow::default_real_t,3>,mshadow::expr::UnaryMapExp<mxnet::op::mshadow_op::square_root,mshadow::expr::MakeTensorExp<mshadow::expr::Broadcast1DExp<mshadow::expr::BinaryMapExp<mshadow::op::plus,mshadow::Tensor<mxnet::cpu,1,mshadow::default_real_t>,mshadow::expr::ScalarExp<float>,float,1>,float,2,2>,mshadow::expr::BinaryMapExp<mshadow::op::plus,mshadow::Tensor<mxnet::cpu,1,mshadow::default_real_t>,mshadow::expr::ScalarExp<float>,float,1>,2,float>,float,3>,mshadow::default_real_t,3>,mshadow::default_real_t,3,2>,mshadow::expr::BinaryMapExp<mshadow::op::div,mshadow::expr::BinaryMapExp<mshadow::op::mul,mshadow::Tensor<mxnet::cpu,2,mshadow::default_real_t>,mshadow::expr::BinaryMapExp<mshadow::op::minus,mshadow::Tensor<mxnet::cpu,2,mshadow::default_real_t>,mshadow::expr::MakeTensorExp<mshadow::expr::Broadcast1DExp<mshadow::Tensor<mxnet::cpu,1,mshadow::default_real_t>,mshadow::default_real_t,2,2>,mshadow::Tensor<mxnet::cpu,1,mshadow::default_real_t>,2,mshadow::default_real_t>,mshadow::default_real_t,3>,mshadow::default_real_t,3>,mshadow::expr::UnaryMapExp<mxnet::op::mshadow_op::square_root,mshadow::expr::MakeTensorExp<mshadow::expr::Broadcast1DExp<mshadow::expr::BinaryMapExp<mshadow::op::plus,mshadow::Tensor<mxnet::cpu,1,mshadow::default_real_t>,mshadow::expr::ScalarExp<float>,float,1>,float,2,2>,mshadow::expr::BinaryMapExp<mshadow::op::plus,mshadow::Tensor<mxnet::cpu,1,mshadow::default_real_t>,mshadow::expr::ScalarExp<float>,float,1>,2,float>,float,3>,mshadow::default_real_t,3>,3,mshadow::default_real_t>,3,mshadow::default_real_t>,mshadow::default_real_t,mshadow::red::sum,3>,
              DType=mshadow::default_real_t
          ]
..\src\operator\instance_norm.cc(55): warning C4503: “mshadow::expr::BinaryMapExp<mshadow::op::plus,mshadow::expr::BinaryMapExp<mshadow::op::div,mshadow::expr::BinaryMapExp<mshadow::op::mul,mshadow::expr::MakeTensorExp<mshadow::expr::Broadcast1DExp<mshadow::expr::MakeTensorExp<mshadow::expr::ReshapeExp<mshadow::expr::MakeTensorExp<mshadow::expr::Broadcast1DExp<Container,DType,2,1>,SrcExp,2,DType>,DType,1,2>,mshadow::expr::MakeTensorExp<mshadow::expr::Broadcast1DExp<SrcExp,DType,2,1>,SrcExp,2,DType>,1,DType>,DType,2,2>,mshadow::expr::MakeTensorExp<mshadow::expr::ReshapeExp<mshadow::expr::MakeTensorExp<mshadow::expr::Broadcast1DExp<SrcExp,DType,2,1>,SrcExp,2,DType>,DType,1,2>,mshadow::expr::MakeTensorExp<mshadow::expr::Broadcast1DExp<SrcExp,DType,2,1>,SrcExp,2,DType>,1,DType>,2,DType>,mshadow::expr::BinaryMapExp<mshadow::op::minus,mshadow::Tensor<xpu,2,DType>,mshadow::expr::MakeTensorExp<mshadow::expr::Broadcast1DExp<SrcExp,DType,2,2>,SrcExp,2,DType>,DType,3>,DType,3>,mshadow::expr::UnaryMapExp<mxnet::op::mshadow_op::square_root,mshadow::expr::MakeTensorExp<mshadow::expr::Broadcast1DExp<mshadow::expr::BinaryMapExp<mshadow::op::plus,Container,mshadow::expr::ScalarExp<DType>,DType,1>,DType,2,2>,mshadow::expr::BinaryMapExp<mshadow::op::plus,Container,mshadow::expr::ScalarExp<DType>,DType,1>,2,DType>,DType,3>,DType,3>,mshadow::expr::MakeTensorExp<mshadow::expr::Broadcast1DExp<mshadow::expr::MakeTensorExp<mshadow::expr::ReshapeExp<mshadow::expr::MakeTensorExp<mshadow::expr::Broadcast1DExp<SrcExp,DType,2,1>,SrcExp,2,DType>,DType,1,2>,mshadow::expr::MakeTensorExp<mshadow::expr::Broadcast1DExp<SrcExp,DType,2,1>,SrcExp,2,DType>,1,DType>,DType,2,2>,mshadow::expr::MakeTensorExp<mshadow::expr::ReshapeExp<mshadow::expr::MakeTensorExp<mshadow::expr::Broadcast1DExp<SrcExp,DType,2,1>,SrcExp,2,DType>,DType,1,2>,mshadow::expr::MakeTensorExp<mshadow::expr::Broadcast1DExp<SrcExp,DType,2,1>,SrcExp,2,DType>,1,DType>,2,DType>,DType,3>::BinaryMapExp”: 超出修饰名的长度，名称被截断
          with
          [
              Container=mshadow::Tensor<mxnet::cpu,1,mshadow::default_real_t>,
              DType=mshadow::default_real_t,
              SrcExp=mshadow::Tensor<mxnet::cpu,1,mshadow::default_real_t>,
              xpu=mxnet::cpu
          ]
..\src\operator\instance_norm.cc(55): warning C4503: “mshadow::expr::BinaryMapExp<mshadow::op::plus,mshadow::expr::BinaryMapExp<mshadow::op::plus,mshadow::expr::BinaryMapExp<mshadow::op::mul,mshadow::expr::BinaryMapExp<mshadow::op::mul,Container,mshadow::expr::MakeTensorExp<mshadow::expr::Broadcast1DExp<mshadow::expr::MakeTensorExp<mshadow::expr::ReshapeExp<mshadow::expr::MakeTensorExp<mshadow::expr::Broadcast1DExp<mshadow::Tensor<Device,1,DType>,DType,2,1>,SrcExp,2,DType>,DType,1,2>,mshadow::expr::MakeTensorExp<mshadow::expr::Broadcast1DExp<SrcExp,DType,2,1>,SrcExp,2,DType>,1,DType>,DType,2,2>,mshadow::expr::MakeTensorExp<mshadow::expr::ReshapeExp<mshadow::expr::MakeTensorExp<mshadow::expr::Broadcast1DExp<SrcExp,DType,2,1>,SrcExp,2,DType>,DType,1,2>,mshadow::expr::MakeTensorExp<mshadow::expr::Broadcast1DExp<SrcExp,DType,2,1>,SrcExp,2,DType>,1,DType>,2,DType>,DType,3>,mshadow::expr::MakeTensorExp<mshadow::expr::Broadcast1DExp<mshadow::expr::BinaryMapExp<mshadow::op::div,mshadow::expr::ScalarExp<DType>,mshadow::expr::UnaryMapExp<mxnet::op::mshadow_op::square_root,mshadow::expr::BinaryMapExp<mshadow::op::plus,mshadow::Tensor<Device,1,DType>,mshadow::expr::ScalarExp<DType>,DType,1>,DType,1>,DType,1>,DType,2,2>,mshadow::expr::BinaryMapExp<mshadow::op::div,mshadow::expr::ScalarExp<DType>,mshadow::expr::UnaryMapExp<mxnet::op::mshadow_op::square_root,mshadow::expr::BinaryMapExp<mshadow::op::plus,mshadow::Tensor<Device,1,DType>,mshadow::expr::ScalarExp<DType>,DType,1>,DType,1>,DType,1>,2,DType>,DType,3>,mshadow::expr::BinaryMapExp<mshadow::op::mul,mshadow::expr::BinaryMapExp<mshadow::op::mul,mshadow::expr::BinaryMapExp<mshadow::op::mul,mshadow::expr::MakeTensorExp<mshadow::expr::Broadcast1DExp<SrcExp,DType,2,2>,SrcExp,2,DType>,mshadow::expr::ScalarExp<DType>,DType,3>,mshadow::expr::ScalarExp<DType>,DType,3>,mshadow::expr::BinaryMapExp<mshadow::op::minus,Container,mshadow::expr::MakeTensorExp<mshadow::expr::Broadcast1DExp<SrcExp,DType,2,2>,SrcExp,2,DType>,DType,3>,DType,3>,DType,3>,mshadow::expr::BinaryMapExp<mshadow::op::mul,mshadow::expr::MakeTensorExp<mshadow::expr::Broadcast1DExp<SrcExp,DType,2,2>,SrcExp,2,DType>,mshadow::expr::ScalarExp<DType>,DType,3>,DType,3>::BinaryMapExp”: 超出修饰名的长度，名称被截断
          with
          [
              Container=mshadow::Tensor<mxnet::cpu,2,mshadow::default_real_t>,
              Device=mxnet::cpu,
              DType=mshadow::default_real_t,
              SrcExp=mshadow::Tensor<mxnet::cpu,1,mshadow::default_real_t>
          ]
..\src\operator\instance_norm.cc(55): warning C4503: “mshadow::expr::ExpEngine<mshadow::sv::saveto,Container,DType>::Eval”: 超出修饰名的长度，名称被截断
          with
          [
              Container=mshadow::Tensor<mxnet::cpu,1,mshadow::default_real_t>,
              DType=mshadow::default_real_t
          ]
..\src\operator\instance_norm.cc(55): warning C4503: “mshadow::expr::ExpEngine<mshadow::sv::saveto,Container,DType>::Eval”: 超出修饰名的长度，名称被截断
          with
          [
              Container=mshadow::Tensor<mxnet::cpu,2,mshadow::default_real_t>,
              DType=mshadow::default_real_t
          ]
..\src\operator\instance_norm.cc(55): warning C4503: “mshadow::MapExp”: 超出修饰名的长度，名称被截断
..\src\operator\instance_norm.cc(55): warning C4503: “mshadow::MapReduceKeepHighDim”: 超出修饰名的长度，名称被截断
..\src\operator\instance_norm.cc(55): warning C4503: “mshadow::expr::Plan<E,DType>::Plan”: 超出修饰名的长度，名称被截断
          with
          [
              E=mshadow::expr::MakeTensorExp<mshadow::expr::SwapAxisExp<mshadow::expr::MakeTensorExp<mshadow::expr::ReshapeExp<mshadow::expr::BinaryMapExp<mshadow::op::div,mshadow::expr::BinaryMapExp<mshadow::op::mul,mshadow::Tensor<mxnet::cpu,2,mshadow::default_real_t>,mshadow::expr::BinaryMapExp<mshadow::op::minus,mshadow::Tensor<mxnet::cpu,2,mshadow::default_real_t>,mshadow::expr::MakeTensorExp<mshadow::expr::Broadcast1DExp<mshadow::Tensor<mxnet::cpu,1,mshadow::default_real_t>,mshadow::default_real_t,2,2>,mshadow::Tensor<mxnet::cpu,1,mshadow::default_real_t>,2,mshadow::default_real_t>,mshadow::default_real_t,3>,mshadow::default_real_t,3>,mshadow::expr::UnaryMapExp<mxnet::op::mshadow_op::square_root,mshadow::expr::MakeTensorExp<mshadow::expr::Broadcast1DExp<mshadow::expr::BinaryMapExp<mshadow::op::plus,mshadow::Tensor<mxnet::cpu,1,mshadow::default_real_t>,mshadow::expr::ScalarExp<float>,float,1>,float,2,2>,mshadow::expr::BinaryMapExp<mshadow::op::plus,mshadow::Tensor<mxnet::cpu,1,mshadow::default_real_t>,mshadow::expr::ScalarExp<float>,float,1>,2,float>,float,3>,mshadow::default_real_t,3>,mshadow::default_real_t,3,2>,mshadow::expr::BinaryMapExp<mshadow::op::div,mshadow::expr::BinaryMapExp<mshadow::op::mul,mshadow::Tensor<mxnet::cpu,2,mshadow::default_real_t>,mshadow::expr::BinaryMapExp<mshadow::op::minus,mshadow::Tensor<mxnet::cpu,2,mshadow::default_real_t>,mshadow::expr::MakeTensorExp<mshadow::expr::Broadcast1DExp<mshadow::Tensor<mxnet::cpu,1,mshadow::default_real_t>,mshadow::default_real_t,2,2>,mshadow::Tensor<mxnet::cpu,1,mshadow::default_real_t>,2,mshadow::default_real_t>,mshadow::default_real_t,3>,mshadow::default_real_t,3>,mshadow::expr::UnaryMapExp<mxnet::op::mshadow_op::square_root,mshadow::expr::MakeTensorExp<mshadow::expr::Broadcast1DExp<mshadow::expr::BinaryMapExp<mshadow::op::plus,mshadow::Tensor<mxnet::cpu,1,mshadow::default_real_t>,mshadow::expr::ScalarExp<float>,float,1>,float,2,2>,mshadow::expr::BinaryMapExp<mshadow::op::plus,mshadow::Tensor<mxnet::cpu,1,mshadow::default_real_t>,mshadow::expr::ScalarExp<float>,float,1>,2,float>,float,3>,mshadow::default_real_t,3>,3,mshadow::default_real_t>,mshadow::default_real_t,3,2,0>,mshadow::expr::MakeTensorExp<mshadow::expr::ReshapeExp<mshadow::expr::BinaryMapExp<mshadow::op::div,mshadow::expr::BinaryMapExp<mshadow::op::mul,mshadow::Tensor<mxnet::cpu,2,mshadow::default_real_t>,mshadow::expr::BinaryMapExp<mshadow::op::minus,mshadow::Tensor<mxnet::cpu,2,mshadow::default_real_t>,mshadow::expr::MakeTensorExp<mshadow::expr::Broadcast1DExp<mshadow::Tensor<mxnet::cpu,1,mshadow::default_real_t>,mshadow::default_real_t,2,2>,mshadow::Tensor<mxnet::cpu,1,mshadow::default_real_t>,2,mshadow::default_real_t>,mshadow::default_real_t,3>,mshadow::default_real_t,3>,mshadow::expr::UnaryMapExp<mxnet::op::mshadow_op::square_root,mshadow::expr::MakeTensorExp<mshadow::expr::Broadcast1DExp<mshadow::expr::BinaryMapExp<mshadow::op::plus,mshadow::Tensor<mxnet::cpu,1,mshadow::default_real_t>,mshadow::expr::ScalarExp<float>,float,1>,float,2,2>,mshadow::expr::BinaryMapExp<mshadow::op::plus,mshadow::Tensor<mxnet::cpu,1,mshadow::default_real_t>,mshadow::expr::ScalarExp<float>,float,1>,2,float>,float,3>,mshadow::default_real_t,3>,mshadow::default_real_t,3,2>,mshadow::expr::BinaryMapExp<mshadow::op::div,mshadow::expr::BinaryMapExp<mshadow::op::mul,mshadow::Tensor<mxnet::cpu,2,mshadow::default_real_t>,mshadow::expr::BinaryMapExp<mshadow::op::minus,mshadow::Tensor<mxnet::cpu,2,mshadow::default_real_t>,mshadow::expr::MakeTensorExp<mshadow::expr::Broadcast1DExp<mshadow::Tensor<mxnet::cpu,1,mshadow::default_real_t>,mshadow::default_real_t,2,2>,mshadow::Tensor<mxnet::cpu,1,mshadow::default_real_t>,2,mshadow::default_real_t>,mshadow::default_real_t,3>,mshadow::default_real_t,3>,mshadow::expr::UnaryMapExp<mxnet::op::mshadow_op::square_root,mshadow::expr::MakeTensorExp<mshadow::expr::Broadcast1DExp<mshadow::expr::BinaryMapExp<mshadow::op::plus,mshadow::Tensor<mxnet::cpu,1,mshadow::default_real_t>,mshadow::expr::ScalarExp<float>,float,1>,float,2,2>,mshadow::expr::BinaryMapExp<mshadow::op::plus,mshadow::Tensor<mxnet::cpu,1,mshadow::default_real_t>,mshadow::expr::ScalarExp<float>,float,1>,2,float>,float,3>,mshadow::default_real_t,3>,3,mshadow::default_real_t>,3,mshadow::default_real_t>,
              DType=mshadow::default_real_t
          ]
..\src\operator\instance_norm.cc(55): warning C4503: “mshadow::expr::ShapeCheck<3,E>::Check”: 超出修饰名的长度，名称被截断
          with
          [
              E=mshadow::expr::MakeTensorExp<mshadow::expr::SwapAxisExp<mshadow::expr::MakeTensorExp<mshadow::expr::ReshapeExp<mshadow::expr::BinaryMapExp<mshadow::op::div,mshadow::expr::BinaryMapExp<mshadow::op::mul,mshadow::Tensor<mxnet::cpu,2,mshadow::default_real_t>,mshadow::expr::BinaryMapExp<mshadow::op::minus,mshadow::Tensor<mxnet::cpu,2,mshadow::default_real_t>,mshadow::expr::MakeTensorExp<mshadow::expr::Broadcast1DExp<mshadow::Tensor<mxnet::cpu,1,mshadow::default_real_t>,mshadow::default_real_t,2,2>,mshadow::Tensor<mxnet::cpu,1,mshadow::default_real_t>,2,mshadow::default_real_t>,mshadow::default_real_t,3>,mshadow::default_real_t,3>,mshadow::expr::UnaryMapExp<mxnet::op::mshadow_op::square_root,mshadow::expr::MakeTensorExp<mshadow::expr::Broadcast1DExp<mshadow::expr::BinaryMapExp<mshadow::op::plus,mshadow::Tensor<mxnet::cpu,1,mshadow::default_real_t>,mshadow::expr::ScalarExp<float>,float,1>,float,2,2>,mshadow::expr::BinaryMapExp<mshadow::op::plus,mshadow::Tensor<mxnet::cpu,1,mshadow::default_real_t>,mshadow::expr::ScalarExp<float>,float,1>,2,float>,float,3>,mshadow::default_real_t,3>,mshadow::default_real_t,3,2>,mshadow::expr::BinaryMapExp<mshadow::op::div,mshadow::expr::BinaryMapExp<mshadow::op::mul,mshadow::Tensor<mxnet::cpu,2,mshadow::default_real_t>,mshadow::expr::BinaryMapExp<mshadow::op::minus,mshadow::Tensor<mxnet::cpu,2,mshadow::default_real_t>,mshadow::expr::MakeTensorExp<mshadow::expr::Broadcast1DExp<mshadow::Tensor<mxnet::cpu,1,mshadow::default_real_t>,mshadow::default_real_t,2,2>,mshadow::Tensor<mxnet::cpu,1,mshadow::default_real_t>,2,mshadow::default_real_t>,mshadow::default_real_t,3>,mshadow::default_real_t,3>,mshadow::expr::UnaryMapExp<mxnet::op::mshadow_op::square_root,mshadow::expr::MakeTensorExp<mshadow::expr::Broadcast1DExp<mshadow::expr::BinaryMapExp<mshadow::op::plus,mshadow::Tensor<mxnet::cpu,1,mshadow::default_real_t>,mshadow::expr::ScalarExp<float>,float,1>,float,2,2>,mshadow::expr::BinaryMapExp<mshadow::op::plus,mshadow::Tensor<mxnet::cpu,1,mshadow::default_real_t>,mshadow::expr::ScalarExp<float>,float,1>,2,float>,float,3>,mshadow::default_real_t,3>,3,mshadow::default_real_t>,mshadow::default_real_t,3,2,0>,mshadow::expr::MakeTensorExp<mshadow::expr::ReshapeExp<mshadow::expr::BinaryMapExp<mshadow::op::div,mshadow::expr::BinaryMapExp<mshadow::op::mul,mshadow::Tensor<mxnet::cpu,2,mshadow::default_real_t>,mshadow::expr::BinaryMapExp<mshadow::op::minus,mshadow::Tensor<mxnet::cpu,2,mshadow::default_real_t>,mshadow::expr::MakeTensorExp<mshadow::expr::Broadcast1DExp<mshadow::Tensor<mxnet::cpu,1,mshadow::default_real_t>,mshadow::default_real_t,2,2>,mshadow::Tensor<mxnet::cpu,1,mshadow::default_real_t>,2,mshadow::default_real_t>,mshadow::default_real_t,3>,mshadow::default_real_t,3>,mshadow::expr::UnaryMapExp<mxnet::op::mshadow_op::square_root,mshadow::expr::MakeTensorExp<mshadow::expr::Broadcast1DExp<mshadow::expr::BinaryMapExp<mshadow::op::plus,mshadow::Tensor<mxnet::cpu,1,mshadow::default_real_t>,mshadow::expr::ScalarExp<float>,float,1>,float,2,2>,mshadow::expr::BinaryMapExp<mshadow::op::plus,mshadow::Tensor<mxnet::cpu,1,mshadow::default_real_t>,mshadow::expr::ScalarExp<float>,float,1>,2,float>,float,3>,mshadow::default_real_t,3>,mshadow::default_real_t,3,2>,mshadow::expr::BinaryMapExp<mshadow::op::div,mshadow::expr::BinaryMapExp<mshadow::op::mul,mshadow::Tensor<mxnet::cpu,2,mshadow::default_real_t>,mshadow::expr::BinaryMapExp<mshadow::op::minus,mshadow::Tensor<mxnet::cpu,2,mshadow::default_real_t>,mshadow::expr::MakeTensorExp<mshadow::expr::Broadcast1DExp<mshadow::Tensor<mxnet::cpu,1,mshadow::default_real_t>,mshadow::default_real_t,2,2>,mshadow::Tensor<mxnet::cpu,1,mshadow::default_real_t>,2,mshadow::default_real_t>,mshadow::default_real_t,3>,mshadow::default_real_t,3>,mshadow::expr::UnaryMapExp<mxnet::op::mshadow_op::square_root,mshadow::expr::MakeTensorExp<mshadow::expr::Broadcast1DExp<mshadow::expr::BinaryMapExp<mshadow::op::plus,mshadow::Tensor<mxnet::cpu,1,mshadow::default_real_t>,mshadow::expr::ScalarExp<float>,float,1>,float,2,2>,mshadow::expr::BinaryMapExp<mshadow::op::plus,mshadow::Tensor<mxnet::cpu,1,mshadow::default_real_t>,mshadow::expr::ScalarExp<float>,float,1>,2,float>,float,3>,mshadow::default_real_t,3>,3,mshadow::default_real_t>,3,mshadow::default_real_t>
          ]
..\src\operator\instance_norm.cc(55): warning C4503: “mshadow::MapExpCPUEngine<false,Saver,R,2,DType,E,3>::Map”: 超出修饰名的长度，名称被截断
          with
          [
              Saver=mshadow::sv::plusto,
              R=mshadow::Tensor<mxnet::cpu,2,mshadow::default_real_t>,
              DType=mshadow::default_real_t,
              E=mshadow::expr::BinaryMapExp<mshadow::op::plus,mshadow::expr::BinaryMapExp<mshadow::op::div,mshadow::expr::BinaryMapExp<mshadow::op::mul,mshadow::expr::MakeTensorExp<mshadow::expr::Broadcast1DExp<mshadow::expr::MakeTensorExp<mshadow::expr::ReshapeExp<mshadow::expr::MakeTensorExp<mshadow::expr::Broadcast1DExp<mshadow::Tensor<mxnet::cpu,1,mshadow::default_real_t>,mshadow::default_real_t,2,1>,mshadow::Tensor<mxnet::cpu,1,mshadow::default_real_t>,2,mshadow::default_real_t>,mshadow::default_real_t,1,2>,mshadow::expr::MakeTensorExp<mshadow::expr::Broadcast1DExp<mshadow::Tensor<mxnet::cpu,1,mshadow::default_real_t>,mshadow::default_real_t,2,1>,mshadow::Tensor<mxnet::cpu,1,mshadow::default_real_t>,2,mshadow::default_real_t>,1,mshadow::default_real_t>,mshadow::default_real_t,2,2>,mshadow::expr::MakeTensorExp<mshadow::expr::ReshapeExp<mshadow::expr::MakeTensorExp<mshadow::expr::Broadcast1DExp<mshadow::Tensor<mxnet::cpu,1,mshadow::default_real_t>,mshadow::default_real_t,2,1>,mshadow::Tensor<mxnet::cpu,1,mshadow::default_real_t>,2,mshadow::default_real_t>,mshadow::default_real_t,1,2>,mshadow::expr::MakeTensorExp<mshadow::expr::Broadcast1DExp<mshadow::Tensor<mxnet::cpu,1,mshadow::default_real_t>,mshadow::default_real_t,2,1>,mshadow::Tensor<mxnet::cpu,1,mshadow::default_real_t>,2,mshadow::default_real_t>,1,mshadow::default_real_t>,2,mshadow::default_real_t>,mshadow::expr::BinaryMapExp<mshadow::op::minus,mshadow::Tensor<mxnet::cpu,2,mshadow::default_real_t>,mshadow::expr::MakeTensorExp<mshadow::expr::Broadcast1DExp<mshadow::Tensor<mxnet::cpu,1,mshadow::default_real_t>,mshadow::default_real_t,2,2>,mshadow::Tensor<mxnet::cpu,1,mshadow::default_real_t>,2,mshadow::default_real_t>,mshadow::default_real_t,3>,mshadow::default_real_t,3>,mshadow::expr::UnaryMapExp<mxnet::op::mshadow_op::square_root,mshadow::expr::MakeTensorExp<mshadow::expr::Broadcast1DExp<mshadow::expr::BinaryMapExp<mshadow::op::plus,mshadow::Tensor<mxnet::cpu,1,mshadow::default_real_t>,mshadow::expr::ScalarExp<float>,float,1>,float,2,2>,mshadow::expr::BinaryMapExp<mshadow::op::plus,mshadow::Tensor<mxnet::cpu,1,mshadow::default_real_t>,mshadow::expr::ScalarExp<float>,float,1>,2,float>,float,3>,mshadow::default_real_t,3>,mshadow::expr::MakeTensorExp<mshadow::expr::Broadcast1DExp<mshadow::expr::MakeTensorExp<mshadow::expr::ReshapeExp<mshadow::expr::MakeTensorExp<mshadow::expr::Broadcast1DExp<mshadow::Tensor<mxnet::cpu,1,mshadow::default_real_t>,mshadow::default_real_t,2,1>,mshadow::Tensor<mxnet::cpu,1,mshadow::default_real_t>,2,mshadow::default_real_t>,mshadow::default_real_t,1,2>,mshadow::expr::MakeTensorExp<mshadow::expr::Broadcast1DExp<mshadow::Tensor<mxnet::cpu,1,mshadow::default_real_t>,mshadow::default_real_t,2,1>,mshadow::Tensor<mxnet::cpu,1,mshadow::default_real_t>,2,mshadow::default_real_t>,1,mshadow::default_real_t>,mshadow::default_real_t,2,2>,mshadow::expr::MakeTensorExp<mshadow::expr::ReshapeExp<mshadow::expr::MakeTensorExp<mshadow::expr::Broadcast1DExp<mshadow::Tensor<mxnet::cpu,1,mshadow::default_real_t>,mshadow::default_real_t,2,1>,mshadow::Tensor<mxnet::cpu,1,mshadow::default_real_t>,2,mshadow::default_real_t>,mshadow::default_real_t,1,2>,mshadow::expr::MakeTensorExp<mshadow::expr::Broadcast1DExp<mshadow::Tensor<mxnet::cpu,1,mshadow::default_real_t>,mshadow::default_real_t,2,1>,mshadow::Tensor<mxnet::cpu,1,mshadow::default_real_t>,2,mshadow::default_real_t>,1,mshadow::default_real_t>,2,mshadow::default_real_t>,mshadow::default_real_t,3>
          ]
..\src\operator\instance_norm.cc(55): warning C4503: “mshadow::expr::ShapeCheck<2,E>::Check”: 超出修饰名的长度，名称被截断
          with
          [
              E=mshadow::expr::BinaryMapExp<mshadow::op::plus,mshadow::expr::BinaryMapExp<mshadow::op::div,mshadow::expr::BinaryMapExp<mshadow::op::mul,mshadow::expr::MakeTensorExp<mshadow::expr::Broadcast1DExp<mshadow::expr::MakeTensorExp<mshadow::expr::ReshapeExp<mshadow::expr::MakeTensorExp<mshadow::expr::Broadcast1DExp<mshadow::Tensor<mxnet::cpu,1,mshadow::default_real_t>,mshadow::default_real_t,2,1>,mshadow::Tensor<mxnet::cpu,1,mshadow::default_real_t>,2,mshadow::default_real_t>,mshadow::default_real_t,1,2>,mshadow::expr::MakeTensorExp<mshadow::expr::Broadcast1DExp<mshadow::Tensor<mxnet::cpu,1,mshadow::default_real_t>,mshadow::default_real_t,2,1>,mshadow::Tensor<mxnet::cpu,1,mshadow::default_real_t>,2,mshadow::default_real_t>,1,mshadow::default_real_t>,mshadow::default_real_t,2,2>,mshadow::expr::MakeTensorExp<mshadow::expr::ReshapeExp<mshadow::expr::MakeTensorExp<mshadow::expr::Broadcast1DExp<mshadow::Tensor<mxnet::cpu,1,mshadow::default_real_t>,mshadow::default_real_t,2,1>,mshadow::Tensor<mxnet::cpu,1,mshadow::default_real_t>,2,mshadow::default_real_t>,mshadow::default_real_t,1,2>,mshadow::expr::MakeTensorExp<mshadow::expr::Broadcast1DExp<mshadow::Tensor<mxnet::cpu,1,mshadow::default_real_t>,mshadow::default_real_t,2,1>,mshadow::Tensor<mxnet::cpu,1,mshadow::default_real_t>,2,mshadow::default_real_t>,1,mshadow::default_real_t>,2,mshadow::default_real_t>,mshadow::expr::BinaryMapExp<mshadow::op::minus,mshadow::Tensor<mxnet::cpu,2,mshadow::default_real_t>,mshadow::expr::MakeTensorExp<mshadow::expr::Broadcast1DExp<mshadow::Tensor<mxnet::cpu,1,mshadow::default_real_t>,mshadow::default_real_t,2,2>,mshadow::Tensor<mxnet::cpu,1,mshadow::default_real_t>,2,mshadow::default_real_t>,mshadow::default_real_t,3>,mshadow::default_real_t,3>,mshadow::expr::UnaryMapExp<mxnet::op::mshadow_op::square_root,mshadow::expr::MakeTensorExp<mshadow::expr::Broadcast1DExp<mshadow::expr::BinaryMapExp<mshadow::op::plus,mshadow::Tensor<mxnet::cpu,1,mshadow::default_real_t>,mshadow::expr::ScalarExp<float>,float,1>,float,2,2>,mshadow::expr::BinaryMapExp<mshadow::op::plus,mshadow::Tensor<mxnet::cpu,1,mshadow::default_real_t>,mshadow::expr::ScalarExp<float>,float,1>,2,float>,float,3>,mshadow::default_real_t,3>,mshadow::expr::MakeTensorExp<mshadow::expr::Broadcast1DExp<mshadow::expr::MakeTensorExp<mshadow::expr::ReshapeExp<mshadow::expr::MakeTensorExp<mshadow::expr::Broadcast1DExp<mshadow::Tensor<mxnet::cpu,1,mshadow::default_real_t>,mshadow::default_real_t,2,1>,mshadow::Tensor<mxnet::cpu,1,mshadow::default_real_t>,2,mshadow::default_real_t>,mshadow::default_real_t,1,2>,mshadow::expr::MakeTensorExp<mshadow::expr::Broadcast1DExp<mshadow::Tensor<mxnet::cpu,1,mshadow::default_real_t>,mshadow::default_real_t,2,1>,mshadow::Tensor<mxnet::cpu,1,mshadow::default_real_t>,2,mshadow::default_real_t>,1,mshadow::default_real_t>,mshadow::default_real_t,2,2>,mshadow::expr::MakeTensorExp<mshadow::expr::ReshapeExp<mshadow::expr::MakeTensorExp<mshadow::expr::Broadcast1DExp<mshadow::Tensor<mxnet::cpu,1,mshadow::default_real_t>,mshadow::default_real_t,2,1>,mshadow::Tensor<mxnet::cpu,1,mshadow::default_real_t>,2,mshadow::default_real_t>,mshadow::default_real_t,1,2>,mshadow::expr::MakeTensorExp<mshadow::expr::Broadcast1DExp<mshadow::Tensor<mxnet::cpu,1,mshadow::default_real_t>,mshadow::default_real_t,2,1>,mshadow::Tensor<mxnet::cpu,1,mshadow::default_real_t>,2,mshadow::default_real_t>,1,mshadow::default_real_t>,2,mshadow::default_real_t>,mshadow::default_real_t,3>
          ]
..\src\operator\instance_norm.cc(55): warning C4503: “mshadow::MapExpCPUEngine<false,Saver,R,2,DType,E,3>::Map”: 超出修饰名的长度，名称被截断
          with
          [
              Saver=mshadow::sv::plusto,
              R=mshadow::Tensor<mxnet::cpu,2,mshadow::default_real_t>,
              DType=mshadow::default_real_t,
              E=mshadow::expr::BinaryMapExp<mshadow::op::plus,mshadow::expr::BinaryMapExp<mshadow::op::plus,mshadow::expr::BinaryMapExp<mshadow::op::mul,mshadow::expr::BinaryMapExp<mshadow::op::mul,mshadow::Tensor<mxnet::cpu,2,mshadow::default_real_t>,mshadow::expr::MakeTensorExp<mshadow::expr::Broadcast1DExp<mshadow::expr::MakeTensorExp<mshadow::expr::ReshapeExp<mshadow::expr::MakeTensorExp<mshadow::expr::Broadcast1DExp<mshadow::Tensor<mxnet::cpu,1,mshadow::default_real_t>,mshadow::default_real_t,2,1>,mshadow::Tensor<mxnet::cpu,1,mshadow::default_real_t>,2,mshadow::default_real_t>,mshadow::default_real_t,1,2>,mshadow::expr::MakeTensorExp<mshadow::expr::Broadcast1DExp<mshadow::Tensor<mxnet::cpu,1,mshadow::default_real_t>,mshadow::default_real_t,2,1>,mshadow::Tensor<mxnet::cpu,1,mshadow::default_real_t>,2,mshadow::default_real_t>,1,mshadow::default_real_t>,mshadow::default_real_t,2,2>,mshadow::expr::MakeTensorExp<mshadow::expr::ReshapeExp<mshadow::expr::MakeTensorExp<mshadow::expr::Broadcast1DExp<mshadow::Tensor<mxnet::cpu,1,mshadow::default_real_t>,mshadow::default_real_t,2,1>,mshadow::Tensor<mxnet::cpu,1,mshadow::default_real_t>,2,mshadow::default_real_t>,mshadow::default_real_t,1,2>,mshadow::expr::MakeTensorExp<mshadow::expr::Broadcast1DExp<mshadow::Tensor<mxnet::cpu,1,mshadow::default_real_t>,mshadow::default_real_t,2,1>,mshadow::Tensor<mxnet::cpu,1,mshadow::default_real_t>,2,mshadow::default_real_t>,1,mshadow::default_real_t>,2,mshadow::default_real_t>,mshadow::default_real_t,3>,mshadow::expr::MakeTensorExp<mshadow::expr::Broadcast1DExp<mshadow::expr::BinaryMapExp<mshadow::op::div,mshadow::expr::ScalarExp<float>,mshadow::expr::UnaryMapExp<mxnet::op::mshadow_op::square_root,mshadow::expr::BinaryMapExp<mshadow::op::plus,mshadow::Tensor<mxnet::cpu,1,mshadow::default_real_t>,mshadow::expr::ScalarExp<float>,float,1>,float,1>,float,1>,float,2,2>,mshadow::expr::BinaryMapExp<mshadow::op::div,mshadow::expr::ScalarExp<float>,mshadow::expr::UnaryMapExp<mxnet::op::mshadow_op::square_root,mshadow::expr::BinaryMapExp<mshadow::op::plus,mshadow::Tensor<mxnet::cpu,1,mshadow::default_real_t>,mshadow::expr::ScalarExp<float>,float,1>,float,1>,float,1>,2,float>,mshadow::default_real_t,3>,mshadow::expr::BinaryMapExp<mshadow::op::mul,mshadow::expr::BinaryMapExp<mshadow::op::mul,mshadow::expr::BinaryMapExp<mshadow::op::mul,mshadow::expr::MakeTensorExp<mshadow::expr::Broadcast1DExp<mshadow::Tensor<mxnet::cpu,1,mshadow::default_real_t>,mshadow::default_real_t,2,2>,mshadow::Tensor<mxnet::cpu,1,mshadow::default_real_t>,2,mshadow::default_real_t>,mshadow::expr::ScalarExp<float>,float,3>,mshadow::expr::ScalarExp<float>,float,3>,mshadow::expr::BinaryMapExp<mshadow::op::minus,mshadow::Tensor<mxnet::cpu,2,mshadow::default_real_t>,mshadow::expr::MakeTensorExp<mshadow::expr::Broadcast1DExp<mshadow::Tensor<mxnet::cpu,1,mshadow::default_real_t>,mshadow::default_real_t,2,2>,mshadow::Tensor<mxnet::cpu,1,mshadow::default_real_t>,2,mshadow::default_real_t>,mshadow::default_real_t,3>,float,3>,mshadow::default_real_t,3>,mshadow::expr::BinaryMapExp<mshadow::op::mul,mshadow::expr::MakeTensorExp<mshadow::expr::Broadcast1DExp<mshadow::Tensor<mxnet::cpu,1,mshadow::default_real_t>,mshadow::default_real_t,2,2>,mshadow::Tensor<mxnet::cpu,1,mshadow::default_real_t>,2,mshadow::default_real_t>,mshadow::expr::ScalarExp<float>,float,3>,mshadow::default_real_t,3>
          ]
..\src\operator\instance_norm.cc(55): warning C4503: “mshadow::expr::ShapeCheck<2,E>::Check”: 超出修饰名的长度，名称被截断
          with
          [
              E=mshadow::expr::BinaryMapExp<mshadow::op::plus,mshadow::expr::BinaryMapExp<mshadow::op::plus,mshadow::expr::BinaryMapExp<mshadow::op::mul,mshadow::expr::BinaryMapExp<mshadow::op::mul,mshadow::Tensor<mxnet::cpu,2,mshadow::default_real_t>,mshadow::expr::MakeTensorExp<mshadow::expr::Broadcast1DExp<mshadow::expr::MakeTensorExp<mshadow::expr::ReshapeExp<mshadow::expr::MakeTensorExp<mshadow::expr::Broadcast1DExp<mshadow::Tensor<mxnet::cpu,1,mshadow::default_real_t>,mshadow::default_real_t,2,1>,mshadow::Tensor<mxnet::cpu,1,mshadow::default_real_t>,2,mshadow::default_real_t>,mshadow::default_real_t,1,2>,mshadow::expr::MakeTensorExp<mshadow::expr::Broadcast1DExp<mshadow::Tensor<mxnet::cpu,1,mshadow::default_real_t>,mshadow::default_real_t,2,1>,mshadow::Tensor<mxnet::cpu,1,mshadow::default_real_t>,2,mshadow::default_real_t>,1,mshadow::default_real_t>,mshadow::default_real_t,2,2>,mshadow::expr::MakeTensorExp<mshadow::expr::ReshapeExp<mshadow::expr::MakeTensorExp<mshadow::expr::Broadcast1DExp<mshadow::Tensor<mxnet::cpu,1,mshadow::default_real_t>,mshadow::default_real_t,2,1>,mshadow::Tensor<mxnet::cpu,1,mshadow::default_real_t>,2,mshadow::default_real_t>,mshadow::default_real_t,1,2>,mshadow::expr::MakeTensorExp<mshadow::expr::Broadcast1DExp<mshadow::Tensor<mxnet::cpu,1,mshadow::default_real_t>,mshadow::default_real_t,2,1>,mshadow::Tensor<mxnet::cpu,1,mshadow::default_real_t>,2,mshadow::default_real_t>,1,mshadow::default_real_t>,2,mshadow::default_real_t>,mshadow::default_real_t,3>,mshadow::expr::MakeTensorExp<mshadow::expr::Broadcast1DExp<mshadow::expr::BinaryMapExp<mshadow::op::div,mshadow::expr::ScalarExp<float>,mshadow::expr::UnaryMapExp<mxnet::op::mshadow_op::square_root,mshadow::expr::BinaryMapExp<mshadow::op::plus,mshadow::Tensor<mxnet::cpu,1,mshadow::default_real_t>,mshadow::expr::ScalarExp<float>,float,1>,float,1>,float,1>,float,2,2>,mshadow::expr::BinaryMapExp<mshadow::op::div,mshadow::expr::ScalarExp<float>,mshadow::expr::UnaryMapExp<mxnet::op::mshadow_op::square_root,mshadow::expr::BinaryMapExp<mshadow::op::plus,mshadow::Tensor<mxnet::cpu,1,mshadow::default_real_t>,mshadow::expr::ScalarExp<float>,float,1>,float,1>,float,1>,2,float>,mshadow::default_real_t,3>,mshadow::expr::BinaryMapExp<mshadow::op::mul,mshadow::expr::BinaryMapExp<mshadow::op::mul,mshadow::expr::BinaryMapExp<mshadow::op::mul,mshadow::expr::MakeTensorExp<mshadow::expr::Broadcast1DExp<mshadow::Tensor<mxnet::cpu,1,mshadow::default_real_t>,mshadow::default_real_t,2,2>,mshadow::Tensor<mxnet::cpu,1,mshadow::default_real_t>,2,mshadow::default_real_t>,mshadow::expr::ScalarExp<float>,float,3>,mshadow::expr::ScalarExp<float>,float,3>,mshadow::expr::BinaryMapExp<mshadow::op::minus,mshadow::Tensor<mxnet::cpu,2,mshadow::default_real_t>,mshadow::expr::MakeTensorExp<mshadow::expr::Broadcast1DExp<mshadow::Tensor<mxnet::cpu,1,mshadow::default_real_t>,mshadow::default_real_t,2,2>,mshadow::Tensor<mxnet::cpu,1,mshadow::default_real_t>,2,mshadow::default_real_t>,mshadow::default_real_t,3>,float,3>,mshadow::default_real_t,3>,mshadow::expr::BinaryMapExp<mshadow::op::mul,mshadow::expr::MakeTensorExp<mshadow::expr::Broadcast1DExp<mshadow::Tensor<mxnet::cpu,1,mshadow::default_real_t>,mshadow::default_real_t,2,2>,mshadow::Tensor<mxnet::cpu,1,mshadow::default_real_t>,2,mshadow::default_real_t>,mshadow::expr::ScalarExp<float>,float,3>,mshadow::default_real_t,3>
          ]
..\src\operator\instance_norm.cc(55): warning C4503: “mshadow::expr::ExpComplexEngine<SV,RV,E,DType>::Eval”: 超出修饰名的长度，名称被截断
          with
          [
              SV=mshadow::sv::saveto,
              RV=mshadow::Tensor<mxnet::cpu,1,mshadow::default_real_t>,
              E=mshadow::expr::ReduceTo1DExp<mshadow::expr::MakeTensorExp<mshadow::expr::SwapAxisExp<mshadow::expr::MakeTensorExp<mshadow::expr::ReshapeExp<mshadow::expr::BinaryMapExp<mshadow::op::div,mshadow::expr::BinaryMapExp<mshadow::op::mul,mshadow::Tensor<mxnet::cpu,2,mshadow::default_real_t>,mshadow::expr::BinaryMapExp<mshadow::op::minus,mshadow::Tensor<mxnet::cpu,2,mshadow::default_real_t>,mshadow::expr::MakeTensorExp<mshadow::expr::Broadcast1DExp<mshadow::Tensor<mxnet::cpu,1,mshadow::default_real_t>,mshadow::default_real_t,2,2>,mshadow::Tensor<mxnet::cpu,1,mshadow::default_real_t>,2,mshadow::default_real_t>,mshadow::default_real_t,3>,mshadow::default_real_t,3>,mshadow::expr::UnaryMapExp<mxnet::op::mshadow_op::square_root,mshadow::expr::MakeTensorExp<mshadow::expr::Broadcast1DExp<mshadow::expr::BinaryMapExp<mshadow::op::plus,mshadow::Tensor<mxnet::cpu,1,mshadow::default_real_t>,mshadow::expr::ScalarExp<float>,float,1>,float,2,2>,mshadow::expr::BinaryMapExp<mshadow::op::plus,mshadow::Tensor<mxnet::cpu,1,mshadow::default_real_t>,mshadow::expr::ScalarExp<float>,float,1>,2,float>,float,3>,mshadow::default_real_t,3>,mshadow::default_real_t,3,2>,mshadow::expr::BinaryMapExp<mshadow::op::div,mshadow::expr::BinaryMapExp<mshadow::op::mul,mshadow::Tensor<mxnet::cpu,2,mshadow::default_real_t>,mshadow::expr::BinaryMapExp<mshadow::op::minus,mshadow::Tensor<mxnet::cpu,2,mshadow::default_real_t>,mshadow::expr::MakeTensorExp<mshadow::expr::Broadcast1DExp<mshadow::Tensor<mxnet::cpu,1,mshadow::default_real_t>,mshadow::default_real_t,2,2>,mshadow::Tensor<mxnet::cpu,1,mshadow::default_real_t>,2,mshadow::default_real_t>,mshadow::default_real_t,3>,mshadow::default_real_t,3>,mshadow::expr::UnaryMapExp<mxnet::op::mshadow_op::square_root,mshadow::expr::MakeTensorExp<mshadow::expr::Broadcast1DExp<mshadow::expr::BinaryMapExp<mshadow::op::plus,mshadow::Tensor<mxnet::cpu,1,mshadow::default_real_t>,mshadow::expr::ScalarExp<float>,float,1>,float,2,2>,mshadow::expr::BinaryMapExp<mshadow::op::plus,mshadow::Tensor<mxnet::cpu,1,mshadow::default_real_t>,mshadow::expr::ScalarExp<float>,float,1>,2,float>,float,3>,mshadow::default_real_t,3>,3,mshadow::default_real_t>,mshadow::default_real_t,3,2,0>,mshadow::expr::MakeTensorExp<mshadow::expr::ReshapeExp<mshadow::expr::BinaryMapExp<mshadow::op::div,mshadow::expr::BinaryMapExp<mshadow::op::mul,mshadow::Tensor<mxnet::cpu,2,mshadow::default_real_t>,mshadow::expr::BinaryMapExp<mshadow::op::minus,mshadow::Tensor<mxnet::cpu,2,mshadow::default_real_t>,mshadow::expr::MakeTensorExp<mshadow::expr::Broadcast1DExp<mshadow::Tensor<mxnet::cpu,1,mshadow::default_real_t>,mshadow::default_real_t,2,2>,mshadow::Tensor<mxnet::cpu,1,mshadow::default_real_t>,2,mshadow::default_real_t>,mshadow::default_real_t,3>,mshadow::default_real_t,3>,mshadow::expr::UnaryMapExp<mxnet::op::mshadow_op::square_root,mshadow::expr::MakeTensorExp<mshadow::expr::Broadcast1DExp<mshadow::expr::BinaryMapExp<mshadow::op::plus,mshadow::Tensor<mxnet::cpu,1,mshadow::default_real_t>,mshadow::expr::ScalarExp<float>,float,1>,float,2,2>,mshadow::expr::BinaryMapExp<mshadow::op::plus,mshadow::Tensor<mxnet::cpu,1,mshadow::default_real_t>,mshadow::expr::ScalarExp<float>,float,1>,2,float>,float,3>,mshadow::default_real_t,3>,mshadow::default_real_t,3,2>,mshadow::expr::BinaryMapExp<mshadow::op::div,mshadow::expr::BinaryMapExp<mshadow::op::mul,mshadow::Tensor<mxnet::cpu,2,mshadow::default_real_t>,mshadow::expr::BinaryMapExp<mshadow::op::minus,mshadow::Tensor<mxnet::cpu,2,mshadow::default_real_t>,mshadow::expr::MakeTensorExp<mshadow::expr::Broadcast1DExp<mshadow::Tensor<mxnet::cpu,1,mshadow::default_real_t>,mshadow::default_real_t,2,2>,mshadow::Tensor<mxnet::cpu,1,mshadow::default_real_t>,2,mshadow::default_real_t>,mshadow::default_real_t,3>,mshadow::default_real_t,3>,mshadow::expr::UnaryMapExp<mxnet::op::mshadow_op::square_root,mshadow::expr::MakeTensorExp<mshadow::expr::Broadcast1DExp<mshadow::expr::BinaryMapExp<mshadow::op::plus,mshadow::Tensor<mxnet::cpu,1,mshadow::default_real_t>,mshadow::expr::ScalarExp<float>,float,1>,float,2,2>,mshadow::expr::BinaryMapExp<mshadow::op::plus,mshadow::Tensor<mxnet::cpu,1,mshadow::default_real_t>,mshadow::expr::ScalarExp<float>,float,1>,2,float>,float,3>,mshadow::default_real_t,3>,3,mshadow::default_real_t>,3,mshadow::default_real_t>,mshadow::default_real_t,mshadow::red::sum,3>,
              DType=mshadow::default_real_t
          ]
..\src\operator\instance_norm.cc(55): warning C4503: “mshadow::expr::MakePlan”: 超出修饰名的长度，名称被截断
..\src\operator\instance_norm.cc(55): warning C4503: “mshadow::MapPlan”: 超出修饰名的长度，名称被截断
..\src\operator\instance_norm.cc(55): warning C4503: “mshadow::MapExpCPUEngine<false,Saver,R,2,DType,E,3>::Map”: 超出修饰名的长度，名称被截断
          with
          [
              Saver=mshadow::sv::saveto,
              R=mshadow::Tensor<mxnet::cpu,2,mshadow::default_real_t>,
              DType=mshadow::default_real_t,
              E=mshadow::expr::BinaryMapExp<mshadow::op::plus,mshadow::expr::BinaryMapExp<mshadow::op::div,mshadow::expr::BinaryMapExp<mshadow::op::mul,mshadow::expr::MakeTensorExp<mshadow::expr::Broadcast1DExp<mshadow::expr::MakeTensorExp<mshadow::expr::ReshapeExp<mshadow::expr::MakeTensorExp<mshadow::expr::Broadcast1DExp<mshadow::Tensor<mxnet::cpu,1,mshadow::default_real_t>,mshadow::default_real_t,2,1>,mshadow::Tensor<mxnet::cpu,1,mshadow::default_real_t>,2,mshadow::default_real_t>,mshadow::default_real_t,1,2>,mshadow::expr::MakeTensorExp<mshadow::expr::Broadcast1DExp<mshadow::Tensor<mxnet::cpu,1,mshadow::default_real_t>,mshadow::default_real_t,2,1>,mshadow::Tensor<mxnet::cpu,1,mshadow::default_real_t>,2,mshadow::default_real_t>,1,mshadow::default_real_t>,mshadow::default_real_t,2,2>,mshadow::expr::MakeTensorExp<mshadow::expr::ReshapeExp<mshadow::expr::MakeTensorExp<mshadow::expr::Broadcast1DExp<mshadow::Tensor<mxnet::cpu,1,mshadow::default_real_t>,mshadow::default_real_t,2,1>,mshadow::Tensor<mxnet::cpu,1,mshadow::default_real_t>,2,mshadow::default_real_t>,mshadow::default_real_t,1,2>,mshadow::expr::MakeTensorExp<mshadow::expr::Broadcast1DExp<mshadow::Tensor<mxnet::cpu,1,mshadow::default_real_t>,mshadow::default_real_t,2,1>,mshadow::Tensor<mxnet::cpu,1,mshadow::default_real_t>,2,mshadow::default_real_t>,1,mshadow::default_real_t>,2,mshadow::default_real_t>,mshadow::expr::BinaryMapExp<mshadow::op::minus,mshadow::Tensor<mxnet::cpu,2,mshadow::default_real_t>,mshadow::expr::MakeTensorExp<mshadow::expr::Broadcast1DExp<mshadow::Tensor<mxnet::cpu,1,mshadow::default_real_t>,mshadow::default_real_t,2,2>,mshadow::Tensor<mxnet::cpu,1,mshadow::default_real_t>,2,mshadow::default_real_t>,mshadow::default_real_t,3>,mshadow::default_real_t,3>,mshadow::expr::UnaryMapExp<mxnet::op::mshadow_op::square_root,mshadow::expr::MakeTensorExp<mshadow::expr::Broadcast1DExp<mshadow::expr::BinaryMapExp<mshadow::op::plus,mshadow::Tensor<mxnet::cpu,1,mshadow::default_real_t>,mshadow::expr::ScalarExp<float>,float,1>,float,2,2>,mshadow::expr::BinaryMapExp<mshadow::op::plus,mshadow::Tensor<mxnet::cpu,1,mshadow::default_real_t>,mshadow::expr::ScalarExp<float>,float,1>,2,float>,float,3>,mshadow::default_real_t,3>,mshadow::expr::MakeTensorExp<mshadow::expr::Broadcast1DExp<mshadow::expr::MakeTensorExp<mshadow::expr::ReshapeExp<mshadow::expr::MakeTensorExp<mshadow::expr::Broadcast1DExp<mshadow::Tensor<mxnet::cpu,1,mshadow::default_real_t>,mshadow::default_real_t,2,1>,mshadow::Tensor<mxnet::cpu,1,mshadow::default_real_t>,2,mshadow::default_real_t>,mshadow::default_real_t,1,2>,mshadow::expr::MakeTensorExp<mshadow::expr::Broadcast1DExp<mshadow::Tensor<mxnet::cpu,1,mshadow::default_real_t>,mshadow::default_real_t,2,1>,mshadow::Tensor<mxnet::cpu,1,mshadow::default_real_t>,2,mshadow::default_real_t>,1,mshadow::default_real_t>,mshadow::default_real_t,2,2>,mshadow::expr::MakeTensorExp<mshadow::expr::ReshapeExp<mshadow::expr::MakeTensorExp<mshadow::expr::Broadcast1DExp<mshadow::Tensor<mxnet::cpu,1,mshadow::default_real_t>,mshadow::default_real_t,2,1>,mshadow::Tensor<mxnet::cpu,1,mshadow::default_real_t>,2,mshadow::default_real_t>,mshadow::default_real_t,1,2>,mshadow::expr::MakeTensorExp<mshadow::expr::Broadcast1DExp<mshadow::Tensor<mxnet::cpu,1,mshadow::default_real_t>,mshadow::default_real_t,2,1>,mshadow::Tensor<mxnet::cpu,1,mshadow::default_real_t>,2,mshadow::default_real_t>,1,mshadow::default_real_t>,2,mshadow::default_real_t>,mshadow::default_real_t,3>
          ]
..\src\operator\instance_norm.cc(55): warning C4503: “mshadow::MapExpCPUEngine<false,Saver,R,2,DType,E,3>::Map”: 超出修饰名的长度，名称被截断
          with
          [
              Saver=mshadow::sv::saveto,
              R=mshadow::Tensor<mxnet::cpu,2,mshadow::default_real_t>,
              DType=mshadow::default_real_t,
              E=mshadow::expr::BinaryMapExp<mshadow::op::plus,mshadow::expr::BinaryMapExp<mshadow::op::plus,mshadow::expr::BinaryMapExp<mshadow::op::mul,mshadow::expr::BinaryMapExp<mshadow::op::mul,mshadow::Tensor<mxnet::cpu,2,mshadow::default_real_t>,mshadow::expr::MakeTensorExp<mshadow::expr::Broadcast1DExp<mshadow::expr::MakeTensorExp<mshadow::expr::ReshapeExp<mshadow::expr::MakeTensorExp<mshadow::expr::Broadcast1DExp<mshadow::Tensor<mxnet::cpu,1,mshadow::default_real_t>,mshadow::default_real_t,2,1>,mshadow::Tensor<mxnet::cpu,1,mshadow::default_real_t>,2,mshadow::default_real_t>,mshadow::default_real_t,1,2>,mshadow::expr::MakeTensorExp<mshadow::expr::Broadcast1DExp<mshadow::Tensor<mxnet::cpu,1,mshadow::default_real_t>,mshadow::default_real_t,2,1>,mshadow::Tensor<mxnet::cpu,1,mshadow::default_real_t>,2,mshadow::default_real_t>,1,mshadow::default_real_t>,mshadow::default_real_t,2,2>,mshadow::expr::MakeTensorExp<mshadow::expr::ReshapeExp<mshadow::expr::MakeTensorExp<mshadow::expr::Broadcast1DExp<mshadow::Tensor<mxnet::cpu,1,mshadow::default_real_t>,mshadow::default_real_t,2,1>,mshadow::Tensor<mxnet::cpu,1,mshadow::default_real_t>,2,mshadow::default_real_t>,mshadow::default_real_t,1,2>,mshadow::expr::MakeTensorExp<mshadow::expr::Broadcast1DExp<mshadow::Tensor<mxnet::cpu,1,mshadow::default_real_t>,mshadow::default_real_t,2,1>,mshadow::Tensor<mxnet::cpu,1,mshadow::default_real_t>,2,mshadow::default_real_t>,1,mshadow::default_real_t>,2,mshadow::default_real_t>,mshadow::default_real_t,3>,mshadow::expr::MakeTensorExp<mshadow::expr::Broadcast1DExp<mshadow::expr::BinaryMapExp<mshadow::op::div,mshadow::expr::ScalarExp<float>,mshadow::expr::UnaryMapExp<mxnet::op::mshadow_op::square_root,mshadow::expr::BinaryMapExp<mshadow::op::plus,mshadow::Tensor<mxnet::cpu,1,mshadow::default_real_t>,mshadow::expr::ScalarExp<float>,float,1>,float,1>,float,1>,float,2,2>,mshadow::expr::BinaryMapExp<mshadow::op::div,mshadow::expr::ScalarExp<float>,mshadow::expr::UnaryMapExp<mxnet::op::mshadow_op::square_root,mshadow::expr::BinaryMapExp<mshadow::op::plus,mshadow::Tensor<mxnet::cpu,1,mshadow::default_real_t>,mshadow::expr::ScalarExp<float>,float,1>,float,1>,float,1>,2,float>,mshadow::default_real_t,3>,mshadow::expr::BinaryMapExp<mshadow::op::mul,mshadow::expr::BinaryMapExp<mshadow::op::mul,mshadow::expr::BinaryMapExp<mshadow::op::mul,mshadow::expr::MakeTensorExp<mshadow::expr::Broadcast1DExp<mshadow::Tensor<mxnet::cpu,1,mshadow::default_real_t>,mshadow::default_real_t,2,2>,mshadow::Tensor<mxnet::cpu,1,mshadow::default_real_t>,2,mshadow::default_real_t>,mshadow::expr::ScalarExp<float>,float,3>,mshadow::expr::ScalarExp<float>,float,3>,mshadow::expr::BinaryMapExp<mshadow::op::minus,mshadow::Tensor<mxnet::cpu,2,mshadow::default_real_t>,mshadow::expr::MakeTensorExp<mshadow::expr::Broadcast1DExp<mshadow::Tensor<mxnet::cpu,1,mshadow::default_real_t>,mshadow::default_real_t,2,2>,mshadow::Tensor<mxnet::cpu,1,mshadow::default_real_t>,2,mshadow::default_real_t>,mshadow::default_real_t,3>,float,3>,mshadow::default_real_t,3>,mshadow::expr::BinaryMapExp<mshadow::op::mul,mshadow::expr::MakeTensorExp<mshadow::expr::Broadcast1DExp<mshadow::Tensor<mxnet::cpu,1,mshadow::default_real_t>,mshadow::default_real_t,2,2>,mshadow::Tensor<mxnet::cpu,1,mshadow::default_real_t>,2,mshadow::default_real_t>,mshadow::expr::ScalarExp<float>,float,3>,mshadow::default_real_t,3>
          ]
..\src\operator\instance_norm.cc(55): warning C4503: “mshadow::expr::Plan<mshadow::expr::BinaryMapExp<mshadow::op::plus,mshadow::expr::BinaryMapExp<mshadow::op::plus,mshadow::expr::BinaryMapExp<mshadow::op::mul,mshadow::expr::BinaryMapExp<mshadow::op::mul,Container,mshadow::expr::MakeTensorExp<mshadow::expr::Broadcast1DExp<mshadow::expr::MakeTensorExp<mshadow::expr::ReshapeExp<mshadow::expr::MakeTensorExp<mshadow::expr::Broadcast1DExp<mshadow::Tensor<Device,1,DType>,DType,2,1>,SrcExp,2,DType>,DType,1,2>,mshadow::expr::MakeTensorExp<mshadow::expr::Broadcast1DExp<SrcExp,DType,2,1>,SrcExp,2,DType>,1,DType>,DType,2,2>,mshadow::expr::MakeTensorExp<mshadow::expr::ReshapeExp<mshadow::expr::MakeTensorExp<mshadow::expr::Broadcast1DExp<SrcExp,DType,2,1>,SrcExp,2,DType>,DType,1,2>,mshadow::expr::MakeTensorExp<mshadow::expr::Broadcast1DExp<SrcExp,DType,2,1>,SrcExp,2,DType>,1,DType>,2,DType>,DType,3>,mshadow::expr::MakeTensorExp<mshadow::expr::Broadcast1DExp<mshadow::expr::BinaryMapExp<mshadow::op::div,mshadow::expr::ScalarExp<DType>,mshadow::expr::UnaryMapExp<mxnet::op::mshadow_op::square_root,mshadow::expr::BinaryMapExp<mshadow::op::plus,mshadow::Tensor<Device,1,DType>,mshadow::expr::ScalarExp<DType>,DType,1>,DType,1>,DType,1>,DType,2,2>,mshadow::expr::BinaryMapExp<mshadow::op::div,mshadow::expr::ScalarExp<DType>,mshadow::expr::UnaryMapExp<mxnet::op::mshadow_op::square_root,mshadow::expr::BinaryMapExp<mshadow::op::plus,mshadow::Tensor<Device,1,DType>,mshadow::expr::ScalarExp<DType>,DType,1>,DType,1>,DType,1>,2,DType>,DType,3>,mshadow::expr::BinaryMapExp<mshadow::op::mul,mshadow::expr::BinaryMapExp<mshadow::op::mul,mshadow::expr::BinaryMapExp<mshadow::op::mul,mshadow::expr::MakeTensorExp<mshadow::expr::Broadcast1DExp<SrcExp,DType,2,2>,SrcExp,2,DType>,mshadow::expr::ScalarExp<DType>,DType,3>,mshadow::expr::ScalarExp<DType>,DType,3>,mshadow::expr::BinaryMapExp<mshadow::op::minus,Container,mshadow::expr::MakeTensorExp<mshadow::expr::Broadcast1DExp<SrcExp,DType,2,2>,SrcExp,2,DType>,DType,3>,DType,3>,DType,3>,mshadow::expr::BinaryMapExp<mshadow::op::mul,mshadow::expr::MakeTensorExp<mshadow::expr::Broadcast1DExp<SrcExp,DType,2,2>,SrcExp,2,DType>,mshadow::expr::ScalarExp<DType>,DType,3>,DType,3>,DType>::Plan”: 超出修饰名的长度，名称被截断
          with
          [
              Container=mshadow::Tensor<mxnet::cpu,2,mshadow::default_real_t>,
              Device=mxnet::cpu,
              DType=mshadow::default_real_t,
              SrcExp=mshadow::Tensor<mxnet::cpu,1,mshadow::default_real_t>
          ]
..\src\operator\instance_norm.cc(55): warning C4503: “mshadow::expr::Plan<mshadow::expr::BinaryMapExp<mshadow::op::plus,mshadow::expr::BinaryMapExp<mshadow::op::div,mshadow::expr::BinaryMapExp<mshadow::op::mul,mshadow::expr::MakeTensorExp<mshadow::expr::Broadcast1DExp<mshadow::expr::MakeTensorExp<mshadow::expr::ReshapeExp<mshadow::expr::MakeTensorExp<mshadow::expr::Broadcast1DExp<Container,DType,2,1>,SrcExp,2,DType>,DType,1,2>,mshadow::expr::MakeTensorExp<mshadow::expr::Broadcast1DExp<SrcExp,DType,2,1>,SrcExp,2,DType>,1,DType>,DType,2,2>,mshadow::expr::MakeTensorExp<mshadow::expr::ReshapeExp<mshadow::expr::MakeTensorExp<mshadow::expr::Broadcast1DExp<SrcExp,DType,2,1>,SrcExp,2,DType>,DType,1,2>,mshadow::expr::MakeTensorExp<mshadow::expr::Broadcast1DExp<SrcExp,DType,2,1>,SrcExp,2,DType>,1,DType>,2,DType>,mshadow::expr::BinaryMapExp<mshadow::op::minus,mshadow::Tensor<xpu,2,DType>,mshadow::expr::MakeTensorExp<mshadow::expr::Broadcast1DExp<SrcExp,DType,2,2>,SrcExp,2,DType>,DType,3>,DType,3>,mshadow::expr::UnaryMapExp<mxnet::op::mshadow_op::square_root,mshadow::expr::MakeTensorExp<mshadow::expr::Broadcast1DExp<mshadow::expr::BinaryMapExp<mshadow::op::plus,Container,mshadow::expr::ScalarExp<DType>,DType,1>,DType,2,2>,mshadow::expr::BinaryMapExp<mshadow::op::plus,Container,mshadow::expr::ScalarExp<DType>,DType,1>,2,DType>,DType,3>,DType,3>,mshadow::expr::MakeTensorExp<mshadow::expr::Broadcast1DExp<mshadow::expr::MakeTensorExp<mshadow::expr::ReshapeExp<mshadow::expr::MakeTensorExp<mshadow::expr::Broadcast1DExp<SrcExp,DType,2,1>,SrcExp,2,DType>,DType,1,2>,mshadow::expr::MakeTensorExp<mshadow::expr::Broadcast1DExp<SrcExp,DType,2,1>,SrcExp,2,DType>,1,DType>,DType,2,2>,mshadow::expr::MakeTensorExp<mshadow::expr::ReshapeExp<mshadow::expr::MakeTensorExp<mshadow::expr::Broadcast1DExp<SrcExp,DType,2,1>,SrcExp,2,DType>,DType,1,2>,mshadow::expr::MakeTensorExp<mshadow::expr::Broadcast1DExp<SrcExp,DType,2,1>,SrcExp,2,DType>,1,DType>,2,DType>,DType,3>,DType>::Plan”: 超出修饰名的长度，名称被截断
          with
          [
              Container=mshadow::Tensor<mxnet::cpu,1,mshadow::default_real_t>,
              DType=mshadow::default_real_t,
              SrcExp=mshadow::Tensor<mxnet::cpu,1,mshadow::default_real_t>,
              xpu=mxnet::cpu
          ]
..\src\operator\instance_norm.cc(55): warning C4503: “mshadow::expr::MakeTensorExp<mshadow::expr::SwapAxisExp<mshadow::expr::MakeTensorExp<mshadow::expr::ReshapeExp<mshadow::expr::BinaryMapExp<mshadow::op::div,mshadow::expr::BinaryMapExp<mshadow::op::mul,Container,mshadow::expr::BinaryMapExp<mshadow::op::minus,Container,mshadow::expr::MakeTensorExp<mshadow::expr::Broadcast1DExp<mshadow::Tensor<Device,1,DType>,DType,2,2>,SrcExp,2,DType>,DType,3>,DType,3>,mshadow::expr::UnaryMapExp<mxnet::op::mshadow_op::square_root,mshadow::expr::MakeTensorExp<mshadow::expr::Broadcast1DExp<mshadow::expr::BinaryMapExp<mshadow::op::plus,mshadow::Tensor<Device,1,DType>,mshadow::expr::ScalarExp<DType>,DType,1>,DType,2,2>,mshadow::expr::BinaryMapExp<mshadow::op::plus,mshadow::Tensor<Device,1,DType>,mshadow::expr::ScalarExp<DType>,DType,1>,2,DType>,DType,3>,DType,3>,DType,3,2>,mshadow::expr::BinaryMapExp<mshadow::op::div,mshadow::expr::BinaryMapExp<mshadow::op::mul,Container,mshadow::expr::BinaryMapExp<mshadow::op::minus,Container,mshadow::expr::MakeTensorExp<mshadow::expr::Broadcast1DExp<SrcExp,DType,2,2>,SrcExp,2,DType>,DType,3>,DType,3>,mshadow::expr::UnaryMapExp<mxnet::op::mshadow_op::square_root,mshadow::expr::MakeTensorExp<mshadow::expr::Broadcast1DExp<mshadow::expr::BinaryMapExp<mshadow::op::plus,mshadow::Tensor<Device,1,DType>,mshadow::expr::ScalarExp<DType>,DType,1>,DType,2,2>,mshadow::expr::BinaryMapExp<mshadow::op::plus,mshadow::Tensor<Device,1,DType>,mshadow::expr::ScalarExp<DType>,DType,1>,2,DType>,DType,3>,DType,3>,3,DType>,DType,3,2,0>,mshadow::expr::MakeTensorExp<mshadow::expr::ReshapeExp<mshadow::expr::BinaryMapExp<mshadow::op::div,mshadow::expr::BinaryMapExp<mshadow::op::mul,Container,mshadow::expr::BinaryMapExp<mshadow::op::minus,Container,mshadow::expr::MakeTensorExp<mshadow::expr::Broadcast1DExp<SrcExp,DType,2,2>,SrcExp,2,DType>,DType,3>,DType,3>,mshadow::expr::UnaryMapExp<mxnet::op::mshadow_op::square_root,mshadow::expr::MakeTensorExp<mshadow::expr::Broadcast1DExp<mshadow::expr::BinaryMapExp<mshadow::op::plus,mshadow::Tensor<Device,1,DType>,mshadow::expr::ScalarExp<DType>,DType,1>,DType,2,2>,mshadow::expr::BinaryMapExp<mshadow::op::plus,mshadow::Tensor<Device,1,DType>,mshadow::expr::ScalarExp<DType>,DType,1>,2,DType>,DType,3>,DType,3>,DType,3,2>,mshadow::expr::BinaryMapExp<mshadow::op::div,mshadow::expr::BinaryMapExp<mshadow::op::mul,Container,mshadow::expr::BinaryMapExp<mshadow::op::minus,Container,mshadow::expr::MakeTensorExp<mshadow::expr::Broadcast1DExp<SrcExp,DType,2,2>,SrcExp,2,DType>,DType,3>,DType,3>,mshadow::expr::UnaryMapExp<mxnet::op::mshadow_op::square_root,mshadow::expr::MakeTensorExp<mshadow::expr::Broadcast1DExp<mshadow::expr::BinaryMapExp<mshadow::op::plus,mshadow::Tensor<Device,1,DType>,mshadow::expr::ScalarExp<DType>,DType,1>,DType,2,2>,mshadow::expr::BinaryMapExp<mshadow::op::plus,mshadow::Tensor<Device,1,DType>,mshadow::expr::ScalarExp<DType>,DType,1>,2,DType>,DType,3>,DType,3>,3,DType>,3,DType>::real_self”: 超出修饰名的长度，名称被截断
          with
          [
              Container=mshadow::Tensor<mxnet::cpu,2,mshadow::default_real_t>,
              Device=mxnet::cpu,
              DType=mshadow::default_real_t,
              SrcExp=mshadow::Tensor<mxnet::cpu,1,mshadow::default_real_t>
          ]
c:\users\feifei\desktop\mxnet\src\operator\special_functions-inl.h(235): warning C4838: 从“double”转换到“const float”需要收缩转换 (编译源文件 ..\src\operator\leaky_relu.cc)
  lrn.cc
c:\users\feifei\desktop\mxnet\src\operator\special_functions-inl.h(235): warning C4838: 从“double”转换到“const float”需要收缩转换 (编译源文件 ..\src\operator\loss_binary_op.cc)
c:\users\feifei\desktop\mxnet\src\operator\special_functions-inl.h(235): warning C4838: 从“double”转换到“const float”需要收缩转换 (编译源文件 ..\src\operator\lrn.cc)
  make_loss.cc
  mkl_cppwrapper.cc
  mkl_memory.cc
c:\users\feifei\desktop\mxnet\src\operator\special_functions-inl.h(235): warning C4838: 从“double”转换到“const float”需要收缩转换 (编译源文件 ..\src\operator\make_loss.cc)
  native_op.cc
  ndarray_op.cc
  nnpack_util.cc
  operator.cc
  operator_util.cc
  optimizer_op.cc
  pad.cc
  pooling.cc
c:\users\feifei\desktop\mxnet\src\operator\special_functions-inl.h(235): warning C4838: 从“double”转换到“const float”需要收缩转换 (编译源文件 ..\src\operator\optimizer_op.cc)
c:\users\feifei\desktop\mxnet\src\operator\special_functions-inl.h(235): warning C4838: 从“double”转换到“const float”需要收缩转换 (编译源文件 ..\src\operator\pad.cc)
  regression_output.cc
  rnn.cc
c:\users\feifei\desktop\mxnet\src\operator\special_functions-inl.h(235): warning C4838: 从“double”转换到“const float”需要收缩转换 (编译源文件 ..\src\operator\regression_output.cc)
  roi_pooling.cc
  sequence_last.cc
c:\users\feifei\desktop\mxnet\src\operator\special_functions-inl.h(235): warning C4838: 从“double”转换到“const float”需要收缩转换 (编译源文件 ..\src\operator\roi_pooling.cc)
c:\users\feifei\desktop\mxnet\src\operator\special_functions-inl.h(235): warning C4838: 从“double”转换到“const float”需要收缩转换 (编译源文件 ..\src\operator\sequence_last.cc)
  sequence_mask.cc
  sequence_reverse.cc
c:\users\feifei\desktop\mxnet\src\operator\special_functions-inl.h(235): warning C4838: 从“double”转换到“const float”需要收缩转换 (编译源文件 ..\src\operator\sequence_mask.cc)
c:\users\feifei\desktop\mxnet\src\operator\special_functions-inl.h(235): warning C4838: 从“double”转换到“const float”需要收缩转换 (编译源文件 ..\src\operator\sequence_reverse.cc)
  slice_channel.cc
  softmax_activation.cc
c:\users\feifei\desktop\mxnet\src\operator\special_functions-inl.h(235): warning C4838: 从“double”转换到“const float”需要收缩转换 (编译源文件 ..\src\operator\softmax_activation.cc)
  softmax_output.cc
  spatial_transformer.cc
  svm_output.cc
  swapaxis.cc
c:\users\feifei\desktop\mxnet\src\operator\special_functions-inl.h(235): warning C4838: 从“double”转换到“const float”需要收缩转换 (编译源文件 ..\src\operator\svm_output.cc)
  broadcast_reduce_op_index.cc
  broadcast_reduce_op_value.cc
  elemwise_binary_broadcast_op_basic.cc
c:\users\feifei\desktop\mxnet\src\operator\special_functions-inl.h(235): warning C4838: 从“double”转换到“const float”需要收缩转换 (编译源文件 ..\src\operator\tensor\broadcast_reduce_op_index.cc)
c:\users\feifei\desktop\mxnet\src\operator\special_functions-inl.h(235): warning C4838: 从“double”转换到“const float”需要收缩转换 (编译源文件 ..\src\operator\tensor\broadcast_reduce_op_value.cc)
  elemwise_binary_broadcast_op_extended.cc
c:\users\feifei\desktop\mxnet\src\operator\special_functions-inl.h(235): warning C4838: 从“double”转换到“const float”需要收缩转换 (编译源文件 ..\src\operator\tensor\elemwise_binary_broadcast_op_basic.cc)
c:\users\feifei\desktop\mxnet\src\operator\special_functions-inl.h(235): warning C4838: 从“double”转换到“const float”需要收缩转换 (编译源文件 ..\src\operator\tensor\elemwise_binary_broadcast_op_extended.cc)
  elemwise_binary_broadcast_op_logic.cc
c:\users\feifei\desktop\mxnet\src\operator\special_functions-inl.h(235): warning C4838: 从“double”转换到“const float”需要收缩转换 (编译源文件 ..\src\operator\tensor\elemwise_binary_broadcast_op_logic.cc)
  elemwise_binary_op_basic.cc
  elemwise_binary_op_extended.cc
c:\users\feifei\desktop\mxnet\src\operator\special_functions-inl.h(235): warning C4838: 从“double”转换到“const float”需要收缩转换 (编译源文件 ..\src\operator\tensor\elemwise_binary_op_basic.cc)
c:\users\feifei\desktop\mxnet\src\operator\special_functions-inl.h(235): warning C4838: 从“double”转换到“const float”需要收缩转换 (编译源文件 ..\src\operator\tensor\elemwise_binary_op_extended.cc)
  elemwise_binary_op_logic.cc
  elemwise_binary_scalar_op_basic.cc
c:\users\feifei\desktop\mxnet\src\operator\special_functions-inl.h(235): warning C4838: 从“double”转换到“const float”需要收缩转换 (编译源文件 ..\src\operator\tensor\elemwise_binary_op_logic.cc)
  elemwise_binary_scalar_op_extended.cc
c:\users\feifei\desktop\mxnet\src\operator\special_functions-inl.h(235): warning C4838: 从“double”转换到“const float”需要收缩转换 (编译源文件 ..\src\operator\tensor\elemwise_binary_scalar_op_basic.cc)
c:\users\feifei\desktop\mxnet\src\operator\special_functions-inl.h(235): warning C4838: 从“double”转换到“const float”需要收缩转换 (编译源文件 ..\src\operator\tensor\elemwise_binary_scalar_op_extended.cc)
  elemwise_binary_scalar_op_logic.cc
c:\users\feifei\desktop\mxnet\src\operator\special_functions-inl.h(235): warning C4838: 从“double”转换到“const float”需要收缩转换 (编译源文件 ..\src\operator\tensor\elemwise_binary_scalar_op_logic.cc)
  elemwise_sum.cc
  elemwise_unary_op.cc
c:\users\feifei\desktop\mxnet\src\operator\special_functions-inl.h(235): warning C4838: 从“double”转换到“const float”需要收缩转换 (编译源文件 ..\src\operator\tensor\elemwise_sum.cc)
c:\users\feifei\desktop\mxnet\src\operator\special_functions-inl.h(235): warning C4838: 从“double”转换到“const float”需要收缩转换 (编译源文件 ..\src\operator\tensor\elemwise_unary_op.cc)
  indexing_op.cc
  init_op.cc
c:\users\feifei\desktop\mxnet\src\operator\special_functions-inl.h(235): warning C4838: 从“double”转换到“const float”需要收缩转换 (编译源文件 ..\src\operator\tensor\indexing_op.cc)
  matrix_op.cc
c:\users\feifei\desktop\mxnet\src\operator\special_functions-inl.h(235): warning C4838: 从“double”转换到“const float”需要收缩转换 (编译源文件 ..\src\operator\tensor\matrix_op.cc)
  ordering_op.cc
  sample_op.cc
c:\users\feifei\desktop\mxnet\src\operator\special_functions-inl.h(235): warning C4838: 从“double”转换到“const float”需要收缩转换 (编译源文件 ..\src\operator\tensor\ordering_op.cc)
c:\users\feifei\desktop\mxnet\src\operator\special_functions-inl.h(235): warning C4838: 从“double”转换到“const float”需要收缩转换 (编译源文件 ..\src\operator\tensor\sample_op.cc)
  upsampling.cc
  resource.cc
  storage.cc
  graph.cc
  node.cc
  op.cc
  pass.cc
  symbolic.cc
  c_api_graph.cc
  gradient.cc
  infer_shape_type.cc
  order_mutation.cc
  place_device.cc
  plan_memory.cc
  saveload_json.cc
  c_api_error.cc
  c_api_symbolic.cc
  c_api_error.cc
  c_api_symbolic.cc
C:\Program Files (x86)\MSBuild\Microsoft.Cpp\v4.0\V140\Microsoft.CppBuild.targets(1231,5): error MSB3191: 无法创建目录“F:\proj\face\mxnet\mxnet-face\mxnet\buildvs15cpu\Release”。未能找到路径“F:\proj\face\mxnet\mxnet-face\mxnet\buildvs15cpu\Release”的一部分。
